12:12:37.095 [main                     ] DEBUG Logger               - Configured Logger
12:12:37.114 [main                     ] DEBUG GameApplication      - Logging settings
Title: Dinsdagochtend 10:55 Two Player Version met pijltjes
Version: 1.2
Width: 800
Height: 800
Fullscreen: false
Intro: false
Profiling: false
Single step:false
App Mode: DEVELOPER
Menu Key: ESCAPE
Stage Style: DECORATED
Scene Factory: class com.almasb.fxgl.app.scene.SceneFactory

12:12:37.436 [JavaFX Application Thread] DEBUG FXGLApplication      - Initializing FXGL
12:12:37.439 [JavaFX Application Thread] INFO  Engine               - FXGL-17.1 (24.03.2022 17.34) on WINDOWS (J:19.0.1 FX:19-ea)
12:12:37.439 [JavaFX Application Thread] DEBUG Engine               - JRE Vendor Name: Oracle Corporation
12:12:37.439 [JavaFX Application Thread] DEBUG Engine               - Running on OS: Windows 11 version 10.0
12:12:37.439 [JavaFX Application Thread] DEBUG Engine               - Architecture: amd64
12:12:37.439 [JavaFX Application Thread] INFO  Engine               - Source code and latest versions at: https://github.com/AlmasB/FXGL
12:12:37.440 [JavaFX Application Thread] INFO  Engine               -       Ask questions and discuss at: https://github.com/AlmasB/FXGL/discussions
12:12:37.440 [JavaFX Application Thread] INFO  Engine               -              Join the FXGL chat at: https://gitter.im/AlmasB/FXGL
12:12:37.537 [JavaFX Application Thread] DEBUG PrimaryStageWindow   - Creating a JavaFX scene
12:12:37.579 [JavaFX Application Thread] DEBUG PrimaryStageWindow   - Target settings size: 800.0 x 800.0
12:12:37.579 [JavaFX Application Thread] DEBUG PrimaryStageWindow   - Scaled scene size:    800.0 x 800.0
12:12:37.579 [JavaFX Application Thread] DEBUG PrimaryStageWindow   - Scaled ratio: (1.0, 1.0)
12:12:37.580 [JavaFX Application Thread] DEBUG PrimaryStageWindow   - Set initial scene to FXGLStartupScene
12:12:37.586 [JavaFX Application Thread] DEBUG PrimaryStageWindow   - Opening main window
12:12:37.669 [JavaFX Application Thread] DEBUG PrimaryStageWindow   - Window border size: (14.4000244140625, 37.5999755859375)
12:12:37.670 [JavaFX Application Thread] DEBUG PrimaryStageWindow   - Scaled size: 800.0 x 800.0
12:12:37.670 [JavaFX Application Thread] DEBUG PrimaryStageWindow   - Scaled ratio: (1.0, 1.0)
12:12:37.670 [JavaFX Application Thread] DEBUG PrimaryStageWindow   - Scene size: 800.0 x 800.0
12:12:37.671 [JavaFX Application Thread] DEBUG PrimaryStageWindow   - Stage size: 814.4000244140625 x 837.5999755859375
12:12:37.678 [FXGL Background Thread 1 ] DEBUG Engine               - Initializing environment variables
12:12:37.730 [FXGL Background Thread 1 ] DEBUG FXGLAssetLoaderServi - User app class for loading assets: class Game
12:12:37.731 [FXGL Background Thread 1 ] DEBUG GameApplicationServi - Applying CSS: fxgl_dark.css
12:12:37.732 [FXGL Background Thread 1 ] DEBUG FXGLAssetLoaderServi - Loading from file system: jar:file:/C:/Users/polak/.m2/repository/com/github/almasb/fxgl/17.1/fxgl-17.1.jar!/fxglassets/ui/css/fxgl_dark.css
12:12:37.765 [FXGL Background Thread 1 ] DEBUG GameApplicationServi - Initializing application scenes
12:12:37.795 [FXGL Background Thread 1 ] DEBUG GameWorld            - Game world initialized
12:12:37.848 [FXGL Background Thread 1 ] DEBUG PhysicsWorld         - Physics world initialized: appHeight=800, physics.ppm=50.0
12:12:37.848 [FXGL Background Thread 1 ] DEBUG PhysicsWorld         - Using strategy: BRUTE_FORCE
12:12:37.851 [FXGL Background Thread 1 ] DEBUG GameScene            - Game scene initialized: 800x800
12:12:37.862 [FXGL Background Thread 1 ] DEBUG FXGL.DefaultMenu     - createMenuBodyGameMenu()
12:12:37.874 [FXGL Background Thread 1 ] DEBUG FXGL.DefaultMenu     - createOptionsMenu()
12:12:37.882 [FXGL Background Thread 1 ] DEBUG FXGLAssetLoaderServi - Loading from file system: jar:file:/C:/Users/polak/.m2/repository/com/github/almasb/fxgl/17.1/fxgl-17.1.jar!/fxglassets/textures/particles/smoke.png
12:12:37.968 [FXGL Background Thread 1 ] DEBUG FXGLAssetLoaderServi - Loading from file system: jar:file:/C:/Users/polak/.m2/repository/com/github/almasb/fxgl/17.1/fxgl-17.1.jar!/fxglassets/textures/particles/trace_horizontal.png
12:12:37.990 [FXGL Background Thread 1 ] DEBUG GameApplicationServi - Application scenes initialized
12:12:37.999 [FXGL Background Thread 1 ] DEBUG SystemBundleService  - Loading FXGL system data
12:12:38.004 [FXGL Background Thread 1 ] DEBUG FileSystemAccess     - Reading from: C:\Users\polak\IdeaProjects\Game\system\fxgl.bundle
12:12:38.010 [FXGL Background Thread 1 ] DEBUG SystemBundleService  - Bundle FXGL: {}
12:12:38.010 [FXGL Background Thread 1 ] DEBUG UpdaterService       - Checking for updates
12:12:38.014 [FXGL Background Thread 4 ] DEBUG FXGLApplication      - Loading fonts
12:12:38.014 [FXGL Background Thread 1 ] DEBUG FXGLApplication      - Loading default localization
12:12:38.014 [FXGL Background Thread 4 ] DEBUG FXGLAssetLoaderServi - Loading from file system: jar:file:/C:/Users/polak/.m2/repository/com/github/almasb/fxgl/17.1/fxgl-17.1.jar!/fxglassets/ui/fonts/VarelaRound-Regular.ttf
12:12:38.015 [FXGL Background Thread 1 ] DEBUG FXGLAssetLoaderServi - Loading from file system: jar:file:/C:/Users/polak/.m2/repository/com/github/almasb/fxgl/17.1/fxgl-17.1.jar!/fxglassets/languages/english.lang
12:12:38.041 [FXGL Background Thread 1 ] INFO  FXGLApplication      - FXGL initialization took: 0.363 sec
12:12:38.049 [JavaFX Application Thread] DEBUG Input                - Registered new binding: action0 - D
12:12:38.049 [JavaFX Application Thread] DEBUG Input                - Registered new binding: action1 - A
12:12:38.049 [JavaFX Application Thread] DEBUG Input                - Registered new binding: action2 - W
12:12:38.049 [JavaFX Application Thread] DEBUG Input                - Registered new binding: action3 - S
12:12:38.050 [JavaFX Application Thread] DEBUG Input                - Registered new binding: action4 - Right
12:12:38.050 [JavaFX Application Thread] DEBUG Input                - Registered new binding: action5 - Left
12:12:38.050 [JavaFX Application Thread] DEBUG Input                - Registered new binding: action6 - Up
12:12:38.050 [JavaFX Application Thread] DEBUG Input                - Registered new binding: action7 - Down
12:12:38.050 [JavaFX Application Thread] DEBUG FXGLAssetLoaderServi - Loading from file system: jar:file:/C:/Users/polak/.m2/repository/com/github/almasb/fxgl/17.1/fxgl-17.1.jar!/fxglassets/textures/fxgl_icon.png
12:12:38.069 [JavaFX Application Thread] DEBUG FXGLAssetLoaderServi - Loading from file system: jar:file:/C:/Users/polak/.m2/repository/com/github/almasb/fxgl/17.1/fxgl-17.1.jar!/fxglassets/textures/fxgl_default_cursor.png
12:12:38.070 [FXGL Background Thread 4 ] DEBUG FXGLAssetLoaderServi - Loading from file system: jar:file:/C:/Users/polak/.m2/repository/com/github/almasb/fxgl/17.1/fxgl-17.1.jar!/fxglassets/ui/fonts/Abel-Regular.ttf
12:12:38.071 [JavaFX Application Thread] DEBUG Input                - Registered new binding: Screenshot - CTRL+8
12:12:38.072 [JavaFX Application Thread] DEBUG Input                - Registered new binding: System info dump - CTRL+9
12:12:38.072 [JavaFX Application Thread] DEBUG Input                - Registered new binding: Restart - CTRL+R
12:12:38.073 [JavaFX Application Thread] DEBUG Input                - Registered new binding: Toggle Debug Camera - CTRL+7
12:12:38.075 [FXGL Background Thread 4 ] DEBUG FXGLAssetLoaderServi - Loading from file system: jar:file:/C:/Users/polak/.m2/repository/com/github/almasb/fxgl/17.1/fxgl-17.1.jar!/fxglassets/ui/fonts/TerminalLandMono-Regular.otf
12:12:38.076 [JavaFX Application Thread] DEBUG LoopRunner           - Starting loop
12:12:38.076 [JavaFX Application Thread] DEBUG LoopRunner           - Initializing JavaFX AnimationTimerLoop
12:12:38.078 [JavaFX Application Thread] DEBUG GameApplicationServi - Starting new game
12:12:38.078 [JavaFX Application Thread] DEBUG Input                - Clearing active input actions
12:12:38.080 [FXGL Background Thread 4 ] DEBUG FXGLAssetLoaderServi - Loading from file system: jar:file:/C:/Users/polak/.m2/repository/com/github/almasb/fxgl/17.1/fxgl-17.1.jar!/fxglassets/ui/fonts/Courier-Prime.ttf
12:12:38.088 [JavaFX Application Thread] DEBUG GameApplicationServi - Removing overlay from FXGLStartupScene and adding to FXGLLoadingScene
12:12:38.089 [JavaFX Application Thread] DEBUG PrimaryStageWindow   - FXGLStartupScene -> FXGLLoadingScene
12:12:38.089 [JavaFX Application Thread] DEBUG GameApplicationServi - Clearing previous game
12:12:38.089 [JavaFX Application Thread] DEBUG GameScene            - Clearing game scene
12:12:38.089 [JavaFX Application Thread] DEBUG GameWorld            - Clearing game world
12:12:38.089 [JavaFX Application Thread] DEBUG PhysicsWorld         - Clearing physics world
12:12:38.090 [FXGL Background Thread 4 ] DEBUG FXGLApplication      - Initializing game
12:12:38.095 [FXGL Background Thread 4 ] DEBUG FXGLAssetLoaderServi - Loading from file system: file:/C:/Users/polak/IdeaProjects/Game/target/classes/assets/textures/Groep19.jpg
12:12:38.122 [FXGL Background Thread 4 ] DEBUG FXGLAssetLoaderServi - Loading from file system: file:/C:/Users/polak/IdeaProjects/Game/target/classes/assets/textures/Slide1.jpg
12:12:38.130 [JavaFX Application Thread] DEBUG FXGLApplication      - Registering font factories with UI factory
12:12:38.148 [FXGL Background Thread 4 ] INFO  FXGLApplication      - Game initialization took: 0.057 sec
12:12:38.206 [JavaFX Application Thread] DEBUG Input                - Clearing active input actions
12:12:38.217 [JavaFX Application Thread] DEBUG GameApplicationServi - Removing overlay from FXGLLoadingScene and adding to GameScene
12:12:38.217 [JavaFX Application Thread] DEBUG PrimaryStageWindow   - FXGLLoadingScene -> GameScene
12:12:38.406 [FXGL Background Thread 2 ] INFO  UpdaterService       - Your current version:  17.1
12:12:38.406 [FXGL Background Thread 2 ] INFO  UpdaterService       - Latest stable version: 17.3
12:12:41.013 [FXGL Background Thread 3 ] DEBUG Engine               - Logging environment variables
12:12:41.013 [FXGL Background Thread 3 ] DEBUG Engine               - achievements: []
12:12:41.013 [FXGL Background Thread 3 ] DEBUG Engine               - actualHeight: 800.0
12:12:41.013 [FXGL Background Thread 3 ] DEBUG Engine               - actualHeightProperty: ReadOnlyDoubleProperty [value: 800.0]
12:12:41.013 [FXGL Background Thread 3 ] DEBUG Engine               - actualWidth: 800.0
12:12:41.013 [FXGL Background Thread 3 ] DEBUG Engine               - actualWidthProperty: ReadOnlyDoubleProperty [value: 800.0]
12:12:41.013 [FXGL Background Thread 3 ] DEBUG Engine               - appIcon: fxgl_icon.png
12:12:41.013 [FXGL Background Thread 3 ] DEBUG Engine               - applicationMode: DEVELOPER
12:12:41.013 [FXGL Background Thread 3 ] DEBUG Engine               - cSSList: [fxgl_dark.css]
12:12:41.013 [FXGL Background Thread 3 ] DEBUG Engine               - collisionDetectionStrategy: BRUTE_FORCE
12:12:41.014 [FXGL Background Thread 3 ] DEBUG Engine               - configClass: Optional.empty
12:12:41.014 [FXGL Background Thread 3 ] DEBUG Engine               - credits: []
12:12:41.014 [FXGL Background Thread 3 ] DEBUG Engine               - defaultCursor: CursorInfo(imageName=fxgl_default_cursor.png, hotspotX=7.0, hotspotY=6.0)
12:12:41.014 [FXGL Background Thread 3 ] DEBUG Engine               - devBBoxColorProperty: ObjectProperty [value: 0xff0000ff]
12:12:41.014 [FXGL Background Thread 3 ] DEBUG Engine               - devEnableDebugCameraProperty: BooleanProperty [value: false]
12:12:41.014 [FXGL Background Thread 3 ] DEBUG Engine               - devSensorColorProperty: ObjectProperty [value: 0xffff00ff]
12:12:41.014 [FXGL Background Thread 3 ] DEBUG Engine               - devShowBBoxProperty: BooleanProperty [value: false]
12:12:41.014 [FXGL Background Thread 3 ] DEBUG Engine               - devShowPositionProperty: BooleanProperty [value: false]
12:12:41.014 [FXGL Background Thread 3 ] DEBUG Engine               - enabledMenuItems: []
12:12:41.014 [FXGL Background Thread 3 ] DEBUG Engine               - engineServices: [class com.almasb.fxgl.app.services.FXGLAssetLoaderService, class com.almasb.fxgl.app.FXGLApplication$GameApplicationService, class com.almasb.fxgl.app.services.FXGLDialogService, class com.almasb.fxgl.app.services.IOTaskExecutorService, class com.almasb.fxgl.io.FileSystemService, class com.almasb.fxgl.localization.LocalizationService, class com.almasb.fxgl.app.services.SystemBundleService, class com.almasb.fxgl.profile.SaveLoadService, class com.almasb.fxgl.ui.FXGLUIFactoryServiceProvider, class com.almasb.fxgl.ui.FXGLDialogFactoryServiceProvider, class com.almasb.fxgl.audio.AudioPlayer, class com.almasb.fxgl.notification.impl.NotificationServiceProvider, class com.almasb.fxgl.achievement.AchievementService, class com.almasb.fxgl.cutscene.CutsceneService, class com.almasb.fxgl.minigames.MiniGameService, class com.almasb.fxgl.net.NetService, class com.almasb.fxgl.app.services.UpdaterService, class com.almasb.fxgl.dev.DevService]
12:12:41.014 [FXGL Background Thread 3 ] DEBUG Engine               - fontGame: Abel-Regular.ttf
12:12:41.014 [FXGL Background Thread 3 ] DEBUG Engine               - fontMono: TerminalLandMono-Regular.otf
12:12:41.014 [FXGL Background Thread 3 ] DEBUG Engine               - fontText: Courier-Prime.ttf
12:12:41.014 [FXGL Background Thread 3 ] DEBUG Engine               - fontUI: VarelaRound-Regular.ttf
12:12:41.014 [FXGL Background Thread 3 ] DEBUG Engine               - fullScreen: BooleanProperty [value: false]
12:12:41.014 [FXGL Background Thread 3 ] DEBUG Engine               - gameDifficulty: MEDIUM
12:12:41.014 [FXGL Background Thread 3 ] DEBUG Engine               - gameDifficultyProperty: ObjectProperty [value: MEDIUM]
12:12:41.015 [FXGL Background Thread 3 ] DEBUG Engine               - globalMusicVolume: 0.5
12:12:41.015 [FXGL Background Thread 3 ] DEBUG Engine               - globalMusicVolumeProperty: DoubleProperty [value: 0.5]
12:12:41.015 [FXGL Background Thread 3 ] DEBUG Engine               - globalSoundVolume: 0.5
12:12:41.015 [FXGL Background Thread 3 ] DEBUG Engine               - globalSoundVolumeProperty: DoubleProperty [value: 0.5]
12:12:41.015 [FXGL Background Thread 3 ] DEBUG Engine               - height: 800
12:12:41.015 [FXGL Background Thread 3 ] DEBUG Engine               - is3D: false
12:12:41.015 [FXGL Background Thread 3 ] DEBUG Engine               - isAndroid: false
12:12:41.015 [FXGL Background Thread 3 ] DEBUG Engine               - isBrowser: false
12:12:41.015 [FXGL Background Thread 3 ] DEBUG Engine               - isClickFeedbackEnabled: false
12:12:41.015 [FXGL Background Thread 3 ] DEBUG Engine               - isCloseConfirmation: false
12:12:41.015 [FXGL Background Thread 3 ] DEBUG Engine               - isDesktop: true
12:12:41.015 [FXGL Background Thread 3 ] DEBUG Engine               - isDeveloperMenuEnabled: false
12:12:41.015 [FXGL Background Thread 3 ] DEBUG Engine               - isEmbedded: false
12:12:41.015 [FXGL Background Thread 3 ] DEBUG Engine               - isEntityPreloadEnabled: true
12:12:41.015 [FXGL Background Thread 3 ] DEBUG Engine               - isExperimentalTiledLargeMap: false
12:12:41.015 [FXGL Background Thread 3 ] DEBUG Engine               - isFileSystemWriteAllowed: true
12:12:41.015 [FXGL Background Thread 3 ] DEBUG Engine               - isFullScreenAllowed: false
12:12:41.015 [FXGL Background Thread 3 ] DEBUG Engine               - isFullScreenFromStart: false
12:12:41.015 [FXGL Background Thread 3 ] DEBUG Engine               - isGameMenuEnabled: true
12:12:41.015 [FXGL Background Thread 3 ] DEBUG Engine               - isIOS: false
12:12:41.015 [FXGL Background Thread 3 ] DEBUG Engine               - isIntroEnabled: false
12:12:41.015 [FXGL Background Thread 3 ] DEBUG Engine               - isLinux: false
12:12:41.015 [FXGL Background Thread 3 ] DEBUG Engine               - isMac: false
12:12:41.015 [FXGL Background Thread 3 ] DEBUG Engine               - isMainMenuEnabled: false
12:12:41.015 [FXGL Background Thread 3 ] DEBUG Engine               - isManualResizeEnabled: false
12:12:41.015 [FXGL Background Thread 3 ] DEBUG Engine               - isMobile: false
12:12:41.015 [FXGL Background Thread 3 ] DEBUG Engine               - isNative: false
12:12:41.016 [FXGL Background Thread 3 ] DEBUG Engine               - isPauseMusicWhenMinimized: true
12:12:41.016 [FXGL Background Thread 3 ] DEBUG Engine               - isPreserveResizeRatio: false
12:12:41.016 [FXGL Background Thread 3 ] DEBUG Engine               - isProfilingEnabled: false
12:12:41.016 [FXGL Background Thread 3 ] DEBUG Engine               - isScaleAffectedOnResize: true
12:12:41.016 [FXGL Background Thread 3 ] DEBUG Engine               - isSingleStep: false
12:12:41.016 [FXGL Background Thread 3 ] DEBUG Engine               - isUserProfileEnabled: false
12:12:41.016 [FXGL Background Thread 3 ] DEBUG Engine               - isWindows: true
12:12:41.016 [FXGL Background Thread 3 ] DEBUG Engine               - language: ObjectProperty [value: ENGLISH]
12:12:41.016 [FXGL Background Thread 3 ] DEBUG Engine               - menuKey: ESCAPE
12:12:41.016 [FXGL Background Thread 3 ] DEBUG Engine               - mouseSensitivity: 0.2
12:12:41.016 [FXGL Background Thread 3 ] DEBUG Engine               - notificationViewClass: class com.almasb.fxgl.notification.view.XboxNotificationView
12:12:41.016 [FXGL Background Thread 3 ] DEBUG Engine               - pixelsPerMeter: 50.0
12:12:41.016 [FXGL Background Thread 3 ] DEBUG Engine               - platform: WINDOWS
12:12:41.016 [FXGL Background Thread 3 ] DEBUG Engine               - prefHeightProperty: ReadOnlyDoubleProperty [value: 800.0]
12:12:41.016 [FXGL Background Thread 3 ] DEBUG Engine               - prefWidthProperty: ReadOnlyDoubleProperty [value: 800.0]
12:12:41.016 [FXGL Background Thread 3 ] DEBUG Engine               - profileDir: profiles/
12:12:41.016 [FXGL Background Thread 3 ] DEBUG Engine               - profileName: StringProperty [value: DEFAULT]
12:12:41.016 [FXGL Background Thread 3 ] DEBUG Engine               - randomSeed: -1
12:12:41.016 [FXGL Background Thread 3 ] DEBUG Engine               - runtimeInfo: RuntimeInfo(platform=WINDOWS, version=17.1, build=24.03.2022 17.34)
12:12:41.016 [FXGL Background Thread 3 ] DEBUG Engine               - saveFileExt: sav
12:12:41.016 [FXGL Background Thread 3 ] DEBUG Engine               - scaledHeightProp$fxgl: DoubleProperty [bound, value: 800.0]
12:12:41.016 [FXGL Background Thread 3 ] DEBUG Engine               - scaledWidthProp$fxgl: DoubleProperty [bound, value: 800.0]
12:12:41.016 [FXGL Background Thread 3 ] DEBUG Engine               - sceneFactory: com.almasb.fxgl.app.scene.SceneFactory@51edcbe7
12:12:41.017 [FXGL Background Thread 3 ] DEBUG Engine               - secondsIn24h: 60
12:12:41.017 [FXGL Background Thread 3 ] DEBUG Engine               - soundMenuBack: menu/back.wav
12:12:41.017 [FXGL Background Thread 3 ] DEBUG Engine               - soundMenuPress: menu/press.wav
12:12:41.017 [FXGL Background Thread 3 ] DEBUG Engine               - soundMenuSelect: menu/select.wav
12:12:41.017 [FXGL Background Thread 3 ] DEBUG Engine               - soundNotification: core/notification.wav
12:12:41.017 [FXGL Background Thread 3 ] DEBUG Engine               - stageStyle: DECORATED
12:12:41.017 [FXGL Background Thread 3 ] DEBUG Engine               - supportedLanguages: [ENGLISH, FRENCH, GERMAN, HUNGARIAN, RUSSIAN]
12:12:41.017 [FXGL Background Thread 3 ] DEBUG Engine               - ticksPerSecond: -1
12:12:41.017 [FXGL Background Thread 3 ] DEBUG Engine               - title: Dinsdagochtend 10:55 Two Player Version met pijltjes
12:12:41.017 [FXGL Background Thread 3 ] DEBUG Engine               - urlGithub: https://github.com/AlmasB/FXGL
12:12:41.017 [FXGL Background Thread 3 ] DEBUG Engine               - urlLeaderboard: http://fxgl-top.herokuapp.com/
12:12:41.017 [FXGL Background Thread 3 ] DEBUG Engine               - urlPOM: https://raw.githubusercontent.com/AlmasB/FXGL/release/README.md
12:12:41.017 [FXGL Background Thread 3 ] DEBUG Engine               - userAppClass: class Game
12:12:41.017 [FXGL Background Thread 3 ] DEBUG Engine               - version: 1.2
12:12:41.017 [FXGL Background Thread 3 ] DEBUG Engine               - versionCheckDays: 7
12:12:41.017 [FXGL Background Thread 3 ] DEBUG Engine               - width: 800
12:12:41.017 [FXGL Background Thread 3 ] DEBUG Engine               - Logging services
12:12:41.017 [FXGL Background Thread 3 ] DEBUG Engine               - class com.almasb.fxgl.app.services.FXGLAssetLoaderService
12:12:41.017 [FXGL Background Thread 3 ] DEBUG Engine               - class com.almasb.fxgl.app.FXGLApplication$GameApplicationService
12:12:41.017 [FXGL Background Thread 3 ] DEBUG Engine               - class com.almasb.fxgl.app.services.FXGLDialogService
12:12:41.017 [FXGL Background Thread 3 ] DEBUG Engine               - class com.almasb.fxgl.app.services.IOTaskExecutorService
12:12:41.017 [FXGL Background Thread 3 ] DEBUG Engine               - class com.almasb.fxgl.io.FileSystemService
12:12:41.017 [FXGL Background Thread 3 ] DEBUG Engine               - class com.almasb.fxgl.localization.LocalizationService
12:12:41.017 [FXGL Background Thread 3 ] DEBUG Engine               - class com.almasb.fxgl.app.services.SystemBundleService
12:12:41.017 [FXGL Background Thread 3 ] DEBUG Engine               - class com.almasb.fxgl.profile.SaveLoadService
12:12:41.017 [FXGL Background Thread 3 ] DEBUG Engine               - class com.almasb.fxgl.ui.FXGLUIFactoryServiceProvider
12:12:41.017 [FXGL Background Thread 3 ] DEBUG Engine               - class com.almasb.fxgl.ui.FXGLDialogFactoryServiceProvider
12:12:41.017 [FXGL Background Thread 3 ] DEBUG Engine               - class com.almasb.fxgl.audio.AudioPlayer
12:12:41.018 [FXGL Background Thread 3 ] DEBUG Engine               - class com.almasb.fxgl.notification.impl.NotificationServiceProvider
12:12:41.018 [FXGL Background Thread 3 ] DEBUG Engine               - class com.almasb.fxgl.achievement.AchievementService
12:12:41.018 [FXGL Background Thread 3 ] DEBUG Engine               - class com.almasb.fxgl.cutscene.CutsceneService
12:12:41.018 [FXGL Background Thread 3 ] DEBUG Engine               - class com.almasb.fxgl.minigames.MiniGameService
12:12:41.018 [FXGL Background Thread 3 ] DEBUG Engine               - class com.almasb.fxgl.net.NetService
12:12:41.018 [FXGL Background Thread 3 ] DEBUG Engine               - class com.almasb.fxgl.app.services.UpdaterService
12:12:41.018 [FXGL Background Thread 3 ] DEBUG Engine               - class com.almasb.fxgl.dev.DevService
12:12:42.156 [JavaFX Application Thread] DEBUG FXGLApplication      - Exiting FXGL
12:12:42.156 [JavaFX Application Thread] DEBUG LoopRunner           - Stopping loop
12:12:42.156 [JavaFX Application Thread] DEBUG SystemBundleService  - Saving FXGL system data
12:12:42.158 [JavaFX Application Thread] DEBUG FileSystemAccess     - Writing to: C:\Users\polak\IdeaProjects\Game\system\fxgl.bundle
12:12:42.159 [JavaFX Application Thread] DEBUG Async                - Shutting down background threads
12:12:42.159 [JavaFX Application Thread] DEBUG PrimaryStageWindow   - Closing main window
12:12:42.174 [JavaFX Application Thread] DEBUG Logger               - Closing Logger
