14:50:48.228 [main                     ] DEBUG Logger               - Configured Logger
14:50:48.247 [main                     ] DEBUG GameApplication      - Logging settings
Title: Dinsdag 12:25
Version: 1.3
Width: 800
Height: 800
Fullscreen: false
Intro: false
Profiling: false
Single step:false
App Mode: DEVELOPER
Menu Key: ESCAPE
Stage Style: DECORATED
Scene Factory: class com.almasb.fxgl.app.scene.SceneFactory

14:50:48.600 [JavaFX Application Thread] DEBUG FXGLApplication      - Initializing FXGL
14:50:48.604 [JavaFX Application Thread] INFO  Engine               - FXGL-17.2 (20.08.2022 16.50) on WINDOWS (J:20 FX:20-ea)
14:50:48.604 [JavaFX Application Thread] DEBUG Engine               - JRE Vendor Name: Oracle Corporation
14:50:48.604 [JavaFX Application Thread] DEBUG Engine               - Running on OS: Windows 11 version 10.0
14:50:48.605 [JavaFX Application Thread] DEBUG Engine               - Architecture: amd64
14:50:48.605 [JavaFX Application Thread] INFO  Engine               - Source code and latest versions at: https://github.com/AlmasB/FXGL
14:50:48.605 [JavaFX Application Thread] INFO  Engine               -       Ask questions and discuss at: https://github.com/AlmasB/FXGL/discussions
14:50:48.605 [JavaFX Application Thread] INFO  Engine               -              Join the FXGL chat at: https://gitter.im/AlmasB/FXGL
14:50:48.692 [JavaFX Application Thread] DEBUG PrimaryStageWindow   - Creating a JavaFX scene
14:50:48.729 [JavaFX Application Thread] DEBUG PrimaryStageWindow   - Target settings size: 800.0 x 800.0
14:50:48.730 [JavaFX Application Thread] DEBUG PrimaryStageWindow   - Scaled scene size:    800.0 x 800.0
14:50:48.730 [JavaFX Application Thread] DEBUG PrimaryStageWindow   - Scaled ratio: (1.0, 1.0)
14:50:48.731 [JavaFX Application Thread] DEBUG PrimaryStageWindow   - Set initial scene to FXGLStartupScene
14:50:48.733 [JavaFX Application Thread] DEBUG PrimaryStageWindow   - Opening main window
14:50:48.800 [JavaFX Application Thread] DEBUG PrimaryStageWindow   - Window border size: (16.0, 39.0)
14:50:48.800 [JavaFX Application Thread] DEBUG PrimaryStageWindow   - Scaled size: 800.0 x 800.0
14:50:48.800 [JavaFX Application Thread] DEBUG PrimaryStageWindow   - Scaled ratio: (1.0, 1.0)
14:50:48.800 [JavaFX Application Thread] DEBUG PrimaryStageWindow   - Scene size: 800.0 x 800.0
14:50:48.800 [JavaFX Application Thread] DEBUG PrimaryStageWindow   - Stage size: 816.0 x 839.0
14:50:48.806 [FXGL Background Thread 1 ] DEBUG Engine               - Initializing environment variables
14:50:48.846 [FXGL Background Thread 1 ] DEBUG FXGLAssetLoaderServi - User app class for loading assets: class com.example.challengeweeksegoed.Game
14:50:48.846 [FXGL Background Thread 1 ] DEBUG GameApplicationServi - Applying CSS: fxgl_dark.css
14:50:48.847 [FXGL Background Thread 1 ] DEBUG FXGLAssetLoaderServi - Loading from file system: jar:file:/C:/Users/31611/.m2/repository/com/github/almasb/fxgl/17.2/fxgl-17.2.jar!/fxglassets/ui/css/fxgl_dark.css
14:50:48.881 [FXGL Background Thread 1 ] DEBUG GameApplicationServi - Initializing application scenes
14:50:48.906 [FXGL Background Thread 1 ] DEBUG GameWorld            - Game world initialized
14:50:48.950 [FXGL Background Thread 1 ] DEBUG PhysicsWorld         - Physics world initialized: appHeight=800, physics.ppm=50,0
14:50:48.950 [FXGL Background Thread 1 ] DEBUG PhysicsWorld         - Using strategy: BRUTE_FORCE
14:50:48.954 [FXGL Background Thread 1 ] DEBUG GameScene            - Game scene initialized: 800x800
14:50:48.964 [FXGL Background Thread 1 ] DEBUG FXGL.DefaultMenu     - createMenuBodyGameMenu()
14:50:48.976 [FXGL Background Thread 1 ] DEBUG FXGL.DefaultMenu     - createOptionsMenu()
14:50:48.984 [FXGL Background Thread 1 ] DEBUG FXGLAssetLoaderServi - Loading from file system: jar:file:/C:/Users/31611/.m2/repository/com/github/almasb/fxgl/17.2/fxgl-17.2.jar!/fxglassets/textures/particles/smoke.png
14:50:49.062 [FXGL Background Thread 1 ] DEBUG FXGLAssetLoaderServi - Loading from file system: jar:file:/C:/Users/31611/.m2/repository/com/github/almasb/fxgl/17.2/fxgl-17.2.jar!/fxglassets/textures/particles/trace_horizontal.png
14:50:49.087 [FXGL Background Thread 1 ] DEBUG GameApplicationServi - Application scenes initialized
14:50:49.097 [FXGL Background Thread 1 ] DEBUG SystemBundleService  - Loading FXGL system data
14:50:49.101 [FXGL Background Thread 1 ] DEBUG FileSystemAccess     - Reading from: C:\Users\31611\IdeaProjects\challengeweekSE-goed\system\fxgl.bundle
14:50:49.107 [FXGL Background Thread 1 ] DEBUG SystemBundleService  - Bundle FXGL: {}
14:50:49.108 [FXGL Background Thread 1 ] DEBUG UpdaterService       - Checking for updates
14:50:49.111 [FXGL Background Thread 4 ] DEBUG FXGLApplication      - Loading fonts
14:50:49.112 [FXGL Background Thread 4 ] DEBUG FXGLAssetLoaderServi - Loading from file system: jar:file:/C:/Users/31611/.m2/repository/com/github/almasb/fxgl/17.2/fxgl-17.2.jar!/fxglassets/ui/fonts/VarelaRound-Regular.ttf
14:50:49.112 [FXGL Background Thread 1 ] DEBUG FXGLApplication      - Loading default localization
14:50:49.112 [FXGL Background Thread 1 ] DEBUG FXGLAssetLoaderServi - Loading from file system: jar:file:/C:/Users/31611/.m2/repository/com/github/almasb/fxgl/17.2/fxgl-17.2.jar!/fxglassets/languages/english.lang
14:50:49.130 [FXGL Background Thread 1 ] INFO  FXGLApplication      - FXGL initialization took: 0,324 sec
14:50:49.140 [JavaFX Application Thread] DEBUG Input                - Registered new binding: action0 - A
14:50:49.140 [JavaFX Application Thread] DEBUG Input                - Registered new binding: action1 - D
14:50:49.141 [JavaFX Application Thread] DEBUG Input                - Registered new binding: action2 - W
14:50:49.141 [JavaFX Application Thread] DEBUG Input                - Registered new binding: action3 - S
14:50:49.141 [JavaFX Application Thread] DEBUG Input                - Registered new binding: shoot - C
14:50:49.142 [JavaFX Application Thread] DEBUG Input                - Registered new binding: action4 - Left
14:50:49.142 [JavaFX Application Thread] DEBUG Input                - Registered new binding: action5 - Right
14:50:49.142 [JavaFX Application Thread] DEBUG Input                - Registered new binding: action6 - Up
14:50:49.142 [JavaFX Application Thread] DEBUG Input                - Registered new binding: action7 - Down
14:50:49.143 [JavaFX Application Thread] DEBUG Input                - Registered new binding: shield - Space
14:50:49.143 [JavaFX Application Thread] DEBUG FXGLAssetLoaderServi - Loading from file system: jar:file:/C:/Users/31611/.m2/repository/com/github/almasb/fxgl/17.2/fxgl-17.2.jar!/fxglassets/textures/fxgl_icon.png
14:50:49.151 [FXGL Background Thread 4 ] DEBUG FXGLAssetLoaderServi - Loading from file system: jar:file:/C:/Users/31611/.m2/repository/com/github/almasb/fxgl/17.2/fxgl-17.2.jar!/fxglassets/ui/fonts/Abel-Regular.ttf
14:50:49.159 [FXGL Background Thread 4 ] DEBUG FXGLAssetLoaderServi - Loading from file system: jar:file:/C:/Users/31611/.m2/repository/com/github/almasb/fxgl/17.2/fxgl-17.2.jar!/fxglassets/ui/fonts/TerminalLandMono-Regular.otf
14:50:49.160 [JavaFX Application Thread] DEBUG FXGLAssetLoaderServi - Loading from file system: jar:file:/C:/Users/31611/.m2/repository/com/github/almasb/fxgl/17.2/fxgl-17.2.jar!/fxglassets/textures/fxgl_default_cursor.png
14:50:49.162 [JavaFX Application Thread] DEBUG Input                - Registered new binding: Screenshot - CTRL+8
14:50:49.162 [JavaFX Application Thread] DEBUG Input                - Registered new binding: System info dump - CTRL+9
14:50:49.162 [JavaFX Application Thread] DEBUG Input                - Registered new binding: Restart - CTRL+R
14:50:49.163 [JavaFX Application Thread] DEBUG Input                - Registered new binding: Toggle Debug Camera - CTRL+7
14:50:49.165 [JavaFX Application Thread] DEBUG LoopRunner           - Starting loop
14:50:49.165 [JavaFX Application Thread] DEBUG LoopRunner           - Initializing JavaFX AnimationTimerLoop
14:50:49.166 [FXGL Background Thread 4 ] DEBUG FXGLAssetLoaderServi - Loading from file system: jar:file:/C:/Users/31611/.m2/repository/com/github/almasb/fxgl/17.2/fxgl-17.2.jar!/fxglassets/ui/fonts/Courier-Prime.ttf
14:50:49.166 [JavaFX Application Thread] DEBUG GameApplicationServi - Starting new game
14:50:49.167 [JavaFX Application Thread] DEBUG Input                - Clearing active input actions
14:50:49.176 [JavaFX Application Thread] DEBUG GameApplicationServi - Removing overlay from FXGLStartupScene and adding to FXGLLoadingScene
14:50:49.176 [JavaFX Application Thread] DEBUG PrimaryStageWindow   - FXGLStartupScene -> FXGLLoadingScene
14:50:49.176 [JavaFX Application Thread] DEBUG GameApplicationServi - Clearing previous game
14:50:49.176 [JavaFX Application Thread] DEBUG GameScene            - Clearing game scene
14:50:49.176 [JavaFX Application Thread] DEBUG GameWorld            - Clearing game world
14:50:49.176 [JavaFX Application Thread] DEBUG PhysicsWorld         - Clearing physics world
14:50:49.177 [JavaFX Application Thread] DEBUG FXGLApplication      - Registering font factories with UI factory
14:50:49.177 [FXGL Background Thread 4 ] DEBUG FXGLApplication      - Initializing game
14:50:49.187 [FXGL Background Thread 4 ] DEBUG FXGLAssetLoaderServi - Loading from file system: file:/C:/Users/31611/IdeaProjects/challengeweekSE-goed/target/classes/assets/textures/shieldguy.png
14:50:49.198 [FXGL Background Thread 4 ] DEBUG FXGLAssetLoaderServi - Loading from file system: file:/C:/Users/31611/IdeaProjects/challengeweekSE-goed/target/classes/assets/textures/swordguy.png
14:50:49.201 [FXGL Background Thread 4 ] INFO  FXGLApplication      - Game initialization took: 0,023 sec
14:50:49.209 [JavaFX Application Thread] DEBUG Input                - Clearing active input actions
14:50:49.219 [JavaFX Application Thread] DEBUG GameApplicationServi - Removing overlay from FXGLLoadingScene and adding to GameScene
14:50:49.219 [JavaFX Application Thread] DEBUG PrimaryStageWindow   - FXGLLoadingScene -> GameScene
14:50:49.402 [FXGL Background Thread 2 ] INFO  UpdaterService       - Your current version:  17.2
14:50:49.402 [FXGL Background Thread 2 ] INFO  UpdaterService       - Latest stable version: 17.3
14:50:50.556 [JavaFX Application Thread] DEBUG FXGLAssetLoaderServi - Loading from file system: file:/C:/Users/31611/IdeaProjects/challengeweekSE-goed/target/classes/assets/textures/arrow.png
14:50:52.111 [FXGL Background Thread 3 ] DEBUG Engine               - Logging environment variables
14:50:52.111 [FXGL Background Thread 3 ] DEBUG Engine               - achievements: []
14:50:52.111 [FXGL Background Thread 3 ] DEBUG Engine               - actualHeight: 800.0
14:50:52.111 [FXGL Background Thread 3 ] DEBUG Engine               - actualHeightProperty: ReadOnlyDoubleProperty [value: 800.0]
14:50:52.111 [FXGL Background Thread 3 ] DEBUG Engine               - actualWidth: 800.0
14:50:52.111 [FXGL Background Thread 3 ] DEBUG Engine               - actualWidthProperty: ReadOnlyDoubleProperty [value: 800.0]
14:50:52.111 [FXGL Background Thread 3 ] DEBUG Engine               - appIcon: fxgl_icon.png
14:50:52.111 [FXGL Background Thread 3 ] DEBUG Engine               - applicationMode: DEVELOPER
14:50:52.111 [FXGL Background Thread 3 ] DEBUG Engine               - cSSList: [fxgl_dark.css]
14:50:52.111 [FXGL Background Thread 3 ] DEBUG Engine               - collisionDetectionStrategy: BRUTE_FORCE
14:50:52.111 [FXGL Background Thread 3 ] DEBUG Engine               - configClass: Optional.empty
14:50:52.112 [FXGL Background Thread 3 ] DEBUG Engine               - credits: []
14:50:52.112 [FXGL Background Thread 3 ] DEBUG Engine               - defaultCursor: CursorInfo(imageName=fxgl_default_cursor.png, hotspotX=7.0, hotspotY=6.0)
14:50:52.112 [FXGL Background Thread 3 ] DEBUG Engine               - devBBoxColorProperty: ObjectProperty [value: 0xff0000ff]
14:50:52.112 [FXGL Background Thread 3 ] DEBUG Engine               - devEnableDebugCameraProperty: BooleanProperty [value: false]
14:50:52.112 [FXGL Background Thread 3 ] DEBUG Engine               - devSensorColorProperty: ObjectProperty [value: 0xffff00ff]
14:50:52.112 [FXGL Background Thread 3 ] DEBUG Engine               - devShowBBoxProperty: BooleanProperty [value: false]
14:50:52.112 [FXGL Background Thread 3 ] DEBUG Engine               - devShowPositionProperty: BooleanProperty [value: false]
14:50:52.112 [FXGL Background Thread 3 ] DEBUG Engine               - enabledMenuItems: []
14:50:52.112 [FXGL Background Thread 3 ] DEBUG Engine               - engineServices: [class com.almasb.fxgl.app.services.FXGLAssetLoaderService, class com.almasb.fxgl.app.FXGLApplication$GameApplicationService, class com.almasb.fxgl.app.services.FXGLDialogService, class com.almasb.fxgl.app.services.IOTaskExecutorService, class com.almasb.fxgl.io.FileSystemService, class com.almasb.fxgl.localization.LocalizationService, class com.almasb.fxgl.app.services.SystemBundleService, class com.almasb.fxgl.profile.SaveLoadService, class com.almasb.fxgl.ui.FXGLUIFactoryServiceProvider, class com.almasb.fxgl.ui.FXGLDialogFactoryServiceProvider, class com.almasb.fxgl.audio.AudioPlayer, class com.almasb.fxgl.notification.impl.NotificationServiceProvider, class com.almasb.fxgl.achievement.AchievementService, class com.almasb.fxgl.cutscene.CutsceneService, class com.almasb.fxgl.minigames.MiniGameService, class com.almasb.fxgl.net.NetService, class com.almasb.fxgl.app.services.UpdaterService, class com.almasb.fxgl.dev.DevService]
14:50:52.112 [FXGL Background Thread 3 ] DEBUG Engine               - fontGame: Abel-Regular.ttf
14:50:52.112 [FXGL Background Thread 3 ] DEBUG Engine               - fontMono: TerminalLandMono-Regular.otf
14:50:52.112 [FXGL Background Thread 3 ] DEBUG Engine               - fontText: Courier-Prime.ttf
14:50:52.112 [FXGL Background Thread 3 ] DEBUG Engine               - fontUI: VarelaRound-Regular.ttf
14:50:52.112 [FXGL Background Thread 3 ] DEBUG Engine               - fullScreen: BooleanProperty [value: false]
14:50:52.112 [FXGL Background Thread 3 ] DEBUG Engine               - gameDifficulty: MEDIUM
14:50:52.112 [FXGL Background Thread 3 ] DEBUG Engine               - gameDifficultyProperty: ObjectProperty [value: MEDIUM]
14:50:52.112 [FXGL Background Thread 3 ] DEBUG Engine               - globalMusicVolume: 0.5
14:50:52.113 [FXGL Background Thread 3 ] DEBUG Engine               - globalMusicVolumeProperty: DoubleProperty [value: 0.5]
14:50:52.113 [FXGL Background Thread 3 ] DEBUG Engine               - globalSoundVolume: 0.5
14:50:52.113 [FXGL Background Thread 3 ] DEBUG Engine               - globalSoundVolumeProperty: DoubleProperty [value: 0.5]
14:50:52.113 [FXGL Background Thread 3 ] DEBUG Engine               - height: 800
14:50:52.113 [FXGL Background Thread 3 ] DEBUG Engine               - is3D: false
14:50:52.113 [FXGL Background Thread 3 ] DEBUG Engine               - isAndroid: false
14:50:52.113 [FXGL Background Thread 3 ] DEBUG Engine               - isBrowser: false
14:50:52.113 [FXGL Background Thread 3 ] DEBUG Engine               - isClickFeedbackEnabled: false
14:50:52.113 [FXGL Background Thread 3 ] DEBUG Engine               - isCloseConfirmation: false
14:50:52.113 [FXGL Background Thread 3 ] DEBUG Engine               - isDesktop: true
14:50:52.113 [FXGL Background Thread 3 ] DEBUG Engine               - isDeveloperMenuEnabled: false
14:50:52.113 [FXGL Background Thread 3 ] DEBUG Engine               - isEmbedded: false
14:50:52.113 [FXGL Background Thread 3 ] DEBUG Engine               - isEntityPreloadEnabled: true
14:50:52.113 [FXGL Background Thread 3 ] DEBUG Engine               - isExperimentalTiledLargeMap: false
14:50:52.113 [FXGL Background Thread 3 ] DEBUG Engine               - isFileSystemWriteAllowed: true
14:50:52.113 [FXGL Background Thread 3 ] DEBUG Engine               - isFullScreenAllowed: false
14:50:52.113 [FXGL Background Thread 3 ] DEBUG Engine               - isFullScreenFromStart: false
14:50:52.113 [FXGL Background Thread 3 ] DEBUG Engine               - isGameMenuEnabled: true
14:50:52.113 [FXGL Background Thread 3 ] DEBUG Engine               - isIOS: false
14:50:52.113 [FXGL Background Thread 3 ] DEBUG Engine               - isIntroEnabled: false
14:50:52.113 [FXGL Background Thread 3 ] DEBUG Engine               - isLinux: false
14:50:52.113 [FXGL Background Thread 3 ] DEBUG Engine               - isMac: false
14:50:52.114 [FXGL Background Thread 3 ] DEBUG Engine               - isMainMenuEnabled: false
14:50:52.114 [FXGL Background Thread 3 ] DEBUG Engine               - isManualResizeEnabled: false
14:50:52.114 [FXGL Background Thread 3 ] DEBUG Engine               - isMobile: false
14:50:52.114 [FXGL Background Thread 3 ] DEBUG Engine               - isNative: false
14:50:52.114 [FXGL Background Thread 3 ] DEBUG Engine               - isPauseMusicWhenMinimized: true
14:50:52.114 [FXGL Background Thread 3 ] DEBUG Engine               - isPreserveResizeRatio: false
14:50:52.114 [FXGL Background Thread 3 ] DEBUG Engine               - isProfilingEnabled: false
14:50:52.114 [FXGL Background Thread 3 ] DEBUG Engine               - isScaleAffectedOnResize: true
14:50:52.114 [FXGL Background Thread 3 ] DEBUG Engine               - isSingleStep: false
14:50:52.114 [FXGL Background Thread 3 ] DEBUG Engine               - isUserProfileEnabled: false
14:50:52.114 [FXGL Background Thread 3 ] DEBUG Engine               - isWindows: true
14:50:52.114 [FXGL Background Thread 3 ] DEBUG Engine               - language: ObjectProperty [value: ENGLISH]
14:50:52.114 [FXGL Background Thread 3 ] DEBUG Engine               - menuKey: ESCAPE
14:50:52.114 [FXGL Background Thread 3 ] DEBUG Engine               - mouseSensitivity: 0.2
14:50:52.114 [FXGL Background Thread 3 ] DEBUG Engine               - notificationViewClass: class com.almasb.fxgl.notification.view.XboxNotificationView
14:50:52.114 [FXGL Background Thread 3 ] DEBUG Engine               - pixelsPerMeter: 50.0
14:50:52.114 [FXGL Background Thread 3 ] DEBUG Engine               - platform: WINDOWS
14:50:52.114 [FXGL Background Thread 3 ] DEBUG Engine               - prefHeightProperty: ReadOnlyDoubleProperty [value: 800.0]
14:50:52.114 [FXGL Background Thread 3 ] DEBUG Engine               - prefWidthProperty: ReadOnlyDoubleProperty [value: 800.0]
14:50:52.114 [FXGL Background Thread 3 ] DEBUG Engine               - profileDir: profiles/
14:50:52.114 [FXGL Background Thread 3 ] DEBUG Engine               - profileName: StringProperty [value: DEFAULT]
14:50:52.114 [FXGL Background Thread 3 ] DEBUG Engine               - randomSeed: -1
14:50:52.115 [FXGL Background Thread 3 ] DEBUG Engine               - runtimeInfo: RuntimeInfo(platform=WINDOWS, version=17.2, build=20.08.2022 16.50)
14:50:52.115 [FXGL Background Thread 3 ] DEBUG Engine               - saveFileExt: sav
14:50:52.115 [FXGL Background Thread 3 ] DEBUG Engine               - scaledHeightProp$fxgl: DoubleProperty [bound, value: 800.0]
14:50:52.115 [FXGL Background Thread 3 ] DEBUG Engine               - scaledWidthProp$fxgl: DoubleProperty [bound, value: 800.0]
14:50:52.115 [FXGL Background Thread 3 ] DEBUG Engine               - sceneFactory: com.almasb.fxgl.app.scene.SceneFactory@33478285
14:50:52.115 [FXGL Background Thread 3 ] DEBUG Engine               - secondsIn24h: 60
14:50:52.115 [FXGL Background Thread 3 ] DEBUG Engine               - soundMenuBack: menu/back.wav
14:50:52.115 [FXGL Background Thread 3 ] DEBUG Engine               - soundMenuPress: menu/press.wav
14:50:52.115 [FXGL Background Thread 3 ] DEBUG Engine               - soundMenuSelect: menu/select.wav
14:50:52.115 [FXGL Background Thread 3 ] DEBUG Engine               - soundNotification: core/notification.wav
14:50:52.115 [FXGL Background Thread 3 ] DEBUG Engine               - stageStyle: DECORATED
14:50:52.115 [FXGL Background Thread 3 ] DEBUG Engine               - supportedLanguages: [ENGLISH, FRENCH, GERMAN, HUNGARIAN, RUSSIAN]
14:50:52.115 [FXGL Background Thread 3 ] DEBUG Engine               - ticksPerSecond: -1
14:50:52.115 [FXGL Background Thread 3 ] DEBUG Engine               - title: Dinsdag 12:25
14:50:52.115 [FXGL Background Thread 3 ] DEBUG Engine               - urlGithub: https://github.com/AlmasB/FXGL
14:50:52.115 [FXGL Background Thread 3 ] DEBUG Engine               - urlLeaderboard: http://fxgl-top.herokuapp.com/
14:50:52.115 [FXGL Background Thread 3 ] DEBUG Engine               - urlPOM: https://raw.githubusercontent.com/AlmasB/FXGL/release/README.md
14:50:52.115 [FXGL Background Thread 3 ] DEBUG Engine               - userAppClass: class com.example.challengeweeksegoed.Game
14:50:52.115 [FXGL Background Thread 3 ] DEBUG Engine               - version: 1.3
14:50:52.115 [FXGL Background Thread 3 ] DEBUG Engine               - versionCheckDays: 7
14:50:52.115 [FXGL Background Thread 3 ] DEBUG Engine               - width: 800
14:50:52.115 [FXGL Background Thread 3 ] DEBUG Engine               - Logging services
14:50:52.115 [FXGL Background Thread 3 ] DEBUG Engine               - class com.almasb.fxgl.app.services.FXGLAssetLoaderService
14:50:52.115 [FXGL Background Thread 3 ] DEBUG Engine               - class com.almasb.fxgl.app.FXGLApplication$GameApplicationService
14:50:52.115 [FXGL Background Thread 3 ] DEBUG Engine               - class com.almasb.fxgl.app.services.FXGLDialogService
14:50:52.116 [FXGL Background Thread 3 ] DEBUG Engine               - class com.almasb.fxgl.app.services.IOTaskExecutorService
14:50:52.116 [FXGL Background Thread 3 ] DEBUG Engine               - class com.almasb.fxgl.io.FileSystemService
14:50:52.116 [FXGL Background Thread 3 ] DEBUG Engine               - class com.almasb.fxgl.localization.LocalizationService
14:50:52.116 [FXGL Background Thread 3 ] DEBUG Engine               - class com.almasb.fxgl.app.services.SystemBundleService
14:50:52.116 [FXGL Background Thread 3 ] DEBUG Engine               - class com.almasb.fxgl.profile.SaveLoadService
14:50:52.116 [FXGL Background Thread 3 ] DEBUG Engine               - class com.almasb.fxgl.ui.FXGLUIFactoryServiceProvider
14:50:52.116 [FXGL Background Thread 3 ] DEBUG Engine               - class com.almasb.fxgl.ui.FXGLDialogFactoryServiceProvider
14:50:52.116 [FXGL Background Thread 3 ] DEBUG Engine               - class com.almasb.fxgl.audio.AudioPlayer
14:50:52.116 [FXGL Background Thread 3 ] DEBUG Engine               - class com.almasb.fxgl.notification.impl.NotificationServiceProvider
14:50:52.116 [FXGL Background Thread 3 ] DEBUG Engine               - class com.almasb.fxgl.achievement.AchievementService
14:50:52.116 [FXGL Background Thread 3 ] DEBUG Engine               - class com.almasb.fxgl.cutscene.CutsceneService
14:50:52.116 [FXGL Background Thread 3 ] DEBUG Engine               - class com.almasb.fxgl.minigames.MiniGameService
14:50:52.116 [FXGL Background Thread 3 ] DEBUG Engine               - class com.almasb.fxgl.net.NetService
14:50:52.116 [FXGL Background Thread 3 ] DEBUG Engine               - class com.almasb.fxgl.app.services.UpdaterService
14:50:52.116 [FXGL Background Thread 3 ] DEBUG Engine               - class com.almasb.fxgl.dev.DevService
14:51:09.847 [JavaFX Application Thread] DEBUG FXGLApplication      - Exiting FXGL
14:51:09.847 [JavaFX Application Thread] DEBUG LoopRunner           - Stopping loop
14:51:09.847 [JavaFX Application Thread] DEBUG SystemBundleService  - Saving FXGL system data
14:51:09.849 [JavaFX Application Thread] DEBUG FileSystemAccess     - Writing to: C:\Users\31611\IdeaProjects\challengeweekSE-goed\system\fxgl.bundle
14:51:09.850 [JavaFX Application Thread] DEBUG Async                - Shutting down background threads
14:51:09.851 [JavaFX Application Thread] DEBUG PrimaryStageWindow   - Closing main window
14:51:09.861 [JavaFX Application Thread] DEBUG Logger               - Closing Logger
