14:33:02.559 [main                     ] DEBUG Logger               - Configured Logger
14:33:02.577 [main                     ] DEBUG GameApplication      - Logging settings
Title: Dinsdag 12:25
Version: 1.3
Width: 800
Height: 800
Fullscreen: false
Intro: false
Profiling: false
Single step:false
App Mode: DEVELOPER
Menu Key: ESCAPE
Stage Style: DECORATED
Scene Factory: class com.almasb.fxgl.app.scene.SceneFactory

14:33:02.957 [JavaFX Application Thread] DEBUG FXGLApplication      - Initializing FXGL
14:33:02.960 [JavaFX Application Thread] INFO  Engine               - FXGL-17.2 (20.08.2022 16.50) on WINDOWS (J:20 FX:20-ea)
14:33:02.961 [JavaFX Application Thread] DEBUG Engine               - JRE Vendor Name: Oracle Corporation
14:33:02.961 [JavaFX Application Thread] DEBUG Engine               - Running on OS: Windows 11 version 10.0
14:33:02.961 [JavaFX Application Thread] DEBUG Engine               - Architecture: amd64
14:33:02.961 [JavaFX Application Thread] INFO  Engine               - Source code and latest versions at: https://github.com/AlmasB/FXGL
14:33:02.961 [JavaFX Application Thread] INFO  Engine               -       Ask questions and discuss at: https://github.com/AlmasB/FXGL/discussions
14:33:02.961 [JavaFX Application Thread] INFO  Engine               -              Join the FXGL chat at: https://gitter.im/AlmasB/FXGL
14:33:03.063 [JavaFX Application Thread] DEBUG PrimaryStageWindow   - Creating a JavaFX scene
14:33:03.102 [JavaFX Application Thread] DEBUG PrimaryStageWindow   - Target settings size: 800.0 x 800.0
14:33:03.102 [JavaFX Application Thread] DEBUG PrimaryStageWindow   - Scaled scene size:    800.0 x 800.0
14:33:03.103 [JavaFX Application Thread] DEBUG PrimaryStageWindow   - Scaled ratio: (1.0, 1.0)
14:33:03.103 [JavaFX Application Thread] DEBUG PrimaryStageWindow   - Set initial scene to FXGLStartupScene
14:33:03.106 [JavaFX Application Thread] DEBUG PrimaryStageWindow   - Opening main window
14:33:03.179 [JavaFX Application Thread] DEBUG PrimaryStageWindow   - Window border size: (16.0, 39.0)
14:33:03.179 [JavaFX Application Thread] DEBUG PrimaryStageWindow   - Scaled size: 800.0 x 800.0
14:33:03.179 [JavaFX Application Thread] DEBUG PrimaryStageWindow   - Scaled ratio: (1.0, 1.0)
14:33:03.179 [JavaFX Application Thread] DEBUG PrimaryStageWindow   - Scene size: 800.0 x 800.0
14:33:03.180 [JavaFX Application Thread] DEBUG PrimaryStageWindow   - Stage size: 816.0 x 839.0
14:33:03.186 [FXGL Background Thread 1 ] DEBUG Engine               - Initializing environment variables
14:33:03.223 [FXGL Background Thread 1 ] DEBUG FXGLAssetLoaderServi - User app class for loading assets: class com.example.challengeweeksegoed.Game
14:33:03.223 [FXGL Background Thread 1 ] DEBUG GameApplicationServi - Applying CSS: fxgl_dark.css
14:33:03.224 [FXGL Background Thread 1 ] DEBUG FXGLAssetLoaderServi - Loading from file system: jar:file:/C:/Users/31611/.m2/repository/com/github/almasb/fxgl/17.2/fxgl-17.2.jar!/fxglassets/ui/css/fxgl_dark.css
14:33:03.258 [FXGL Background Thread 1 ] DEBUG GameApplicationServi - Initializing application scenes
14:33:03.283 [FXGL Background Thread 1 ] DEBUG GameWorld            - Game world initialized
14:33:03.325 [FXGL Background Thread 1 ] DEBUG PhysicsWorld         - Physics world initialized: appHeight=800, physics.ppm=50,0
14:33:03.325 [FXGL Background Thread 1 ] DEBUG PhysicsWorld         - Using strategy: BRUTE_FORCE
14:33:03.328 [FXGL Background Thread 1 ] DEBUG GameScene            - Game scene initialized: 800x800
14:33:03.338 [FXGL Background Thread 1 ] DEBUG FXGL.DefaultMenu     - createMenuBodyGameMenu()
14:33:03.349 [FXGL Background Thread 1 ] DEBUG FXGL.DefaultMenu     - createOptionsMenu()
14:33:03.357 [FXGL Background Thread 1 ] DEBUG FXGLAssetLoaderServi - Loading from file system: jar:file:/C:/Users/31611/.m2/repository/com/github/almasb/fxgl/17.2/fxgl-17.2.jar!/fxglassets/textures/particles/smoke.png
14:33:03.430 [FXGL Background Thread 1 ] DEBUG FXGLAssetLoaderServi - Loading from file system: jar:file:/C:/Users/31611/.m2/repository/com/github/almasb/fxgl/17.2/fxgl-17.2.jar!/fxglassets/textures/particles/trace_horizontal.png
14:33:03.451 [FXGL Background Thread 1 ] DEBUG GameApplicationServi - Application scenes initialized
14:33:03.460 [FXGL Background Thread 1 ] DEBUG SystemBundleService  - Loading FXGL system data
14:33:03.462 [FXGL Background Thread 1 ] DEBUG FileSystemAccess     - Reading from: C:\Users\31611\IdeaProjects\challengeweekSE-goed\system\fxgl.bundle
14:33:03.469 [FXGL Background Thread 1 ] DEBUG SystemBundleService  - Bundle FXGL: {}
14:33:03.469 [FXGL Background Thread 1 ] DEBUG UpdaterService       - Checking for updates
14:33:03.472 [FXGL Background Thread 4 ] DEBUG FXGLApplication      - Loading fonts
14:33:03.472 [FXGL Background Thread 1 ] DEBUG FXGLApplication      - Loading default localization
14:33:03.472 [FXGL Background Thread 4 ] DEBUG FXGLAssetLoaderServi - Loading from file system: jar:file:/C:/Users/31611/.m2/repository/com/github/almasb/fxgl/17.2/fxgl-17.2.jar!/fxglassets/ui/fonts/VarelaRound-Regular.ttf
14:33:03.473 [FXGL Background Thread 1 ] DEBUG FXGLAssetLoaderServi - Loading from file system: jar:file:/C:/Users/31611/.m2/repository/com/github/almasb/fxgl/17.2/fxgl-17.2.jar!/fxglassets/languages/english.lang
14:33:03.489 [FXGL Background Thread 1 ] INFO  FXGLApplication      - FXGL initialization took: 0,304 sec
14:33:03.499 [JavaFX Application Thread] DEBUG Input                - Registered new binding: action0 - A
14:33:03.500 [JavaFX Application Thread] DEBUG Input                - Registered new binding: action1 - D
14:33:03.500 [JavaFX Application Thread] DEBUG Input                - Registered new binding: action2 - W
14:33:03.500 [JavaFX Application Thread] DEBUG Input                - Registered new binding: action3 - S
14:33:03.501 [JavaFX Application Thread] DEBUG Input                - Registered new binding: shoot - C
14:33:03.501 [JavaFX Application Thread] DEBUG Input                - Registered new binding: action4 - Right
14:33:03.501 [JavaFX Application Thread] DEBUG Input                - Registered new binding: action5 - Up
14:33:03.501 [JavaFX Application Thread] DEBUG Input                - Registered new binding: action6 - Down
14:33:03.502 [JavaFX Application Thread] DEBUG Input                - Registered new binding: shield - Space
14:33:03.502 [JavaFX Application Thread] DEBUG FXGLAssetLoaderServi - Loading from file system: jar:file:/C:/Users/31611/.m2/repository/com/github/almasb/fxgl/17.2/fxgl-17.2.jar!/fxglassets/textures/fxgl_icon.png
14:33:03.515 [FXGL Background Thread 4 ] DEBUG FXGLAssetLoaderServi - Loading from file system: jar:file:/C:/Users/31611/.m2/repository/com/github/almasb/fxgl/17.2/fxgl-17.2.jar!/fxglassets/ui/fonts/Abel-Regular.ttf
14:33:03.517 [JavaFX Application Thread] DEBUG FXGLAssetLoaderServi - Loading from file system: jar:file:/C:/Users/31611/.m2/repository/com/github/almasb/fxgl/17.2/fxgl-17.2.jar!/fxglassets/textures/fxgl_default_cursor.png
14:33:03.519 [JavaFX Application Thread] DEBUG Input                - Registered new binding: Screenshot - CTRL+8
14:33:03.520 [JavaFX Application Thread] DEBUG Input                - Registered new binding: System info dump - CTRL+9
14:33:03.520 [JavaFX Application Thread] DEBUG Input                - Registered new binding: Restart - CTRL+R
14:33:03.521 [JavaFX Application Thread] DEBUG Input                - Registered new binding: Toggle Debug Camera - CTRL+7
14:33:03.523 [JavaFX Application Thread] DEBUG LoopRunner           - Starting loop
14:33:03.523 [JavaFX Application Thread] DEBUG LoopRunner           - Initializing JavaFX AnimationTimerLoop
14:33:03.523 [FXGL Background Thread 4 ] DEBUG FXGLAssetLoaderServi - Loading from file system: jar:file:/C:/Users/31611/.m2/repository/com/github/almasb/fxgl/17.2/fxgl-17.2.jar!/fxglassets/ui/fonts/TerminalLandMono-Regular.otf
14:33:03.524 [JavaFX Application Thread] DEBUG GameApplicationServi - Starting new game
14:33:03.525 [JavaFX Application Thread] DEBUG Input                - Clearing active input actions
14:33:03.531 [FXGL Background Thread 4 ] DEBUG FXGLAssetLoaderServi - Loading from file system: jar:file:/C:/Users/31611/.m2/repository/com/github/almasb/fxgl/17.2/fxgl-17.2.jar!/fxglassets/ui/fonts/Courier-Prime.ttf
14:33:03.534 [JavaFX Application Thread] DEBUG GameApplicationServi - Removing overlay from FXGLStartupScene and adding to FXGLLoadingScene
14:33:03.534 [JavaFX Application Thread] DEBUG PrimaryStageWindow   - FXGLStartupScene -> FXGLLoadingScene
14:33:03.534 [JavaFX Application Thread] DEBUG GameApplicationServi - Clearing previous game
14:33:03.534 [JavaFX Application Thread] DEBUG GameScene            - Clearing game scene
14:33:03.534 [JavaFX Application Thread] DEBUG GameWorld            - Clearing game world
14:33:03.535 [JavaFX Application Thread] DEBUG PhysicsWorld         - Clearing physics world
14:33:03.536 [FXGL Background Thread 1 ] DEBUG FXGLApplication      - Initializing game
14:33:03.549 [FXGL Background Thread 1 ] DEBUG FXGLAssetLoaderServi - Loading from file system: file:/C:/Users/31611/IdeaProjects/challengeweekSE-goed/target/classes/assets/textures/shieldguy.png
14:33:03.559 [FXGL Background Thread 1 ] INFO  FXGLApplication      - Game initialization took: 0,022 sec
14:33:03.570 [JavaFX Application Thread] DEBUG FXGLApplication      - Registering font factories with UI factory
14:33:03.572 [JavaFX Application Thread] DEBUG Input                - Clearing active input actions
14:33:03.576 [JavaFX Application Thread] DEBUG GameApplicationServi - Removing overlay from FXGLLoadingScene and adding to GameScene
14:33:03.577 [JavaFX Application Thread] DEBUG PrimaryStageWindow   - FXGLLoadingScene -> GameScene
14:33:03.758 [FXGL Background Thread 2 ] INFO  UpdaterService       - Your current version:  17.2
14:33:03.758 [FXGL Background Thread 2 ] INFO  UpdaterService       - Latest stable version: 17.3
14:33:05.523 [JavaFX Application Thread] DEBUG LoopRunner           - Stopping loop
14:33:05.524 [JavaFX Application Thread] FATAL FXGLApplication      - Uncaught Exception:
java.lang.IllegalArgumentException: Component ShieldGuyComponent not found!
	at com.almasb.fxgl.entity.Entity.getComponent(Entity.java:366)
	at com.example.challengeweeksegoed.Game.lambda$initInput$5(Game.java:45)
	at com.almasb.fxgl.dsl.FXGL$Companion$onKey$1.onAction(FXGL.kt:500)
	at com.almasb.fxgl.input.UserAction.action$fxgl_core(UserAction.kt:38)
	at com.almasb.fxgl.input.Input.update(Input.kt:288)
	at com.almasb.fxgl.scene.Scene.update(Scene.kt:103)
	at com.almasb.fxgl.app.MainWindow$update$1.invoke(MainWindow.kt:115)
	at com.almasb.fxgl.app.MainWindow$update$1.invoke(MainWindow.kt:115)
	at com.almasb.fxgl.core.fsm.StateMachine.runOnActiveStates(StateMachine.kt:69)
	at com.almasb.fxgl.app.MainWindow.update(MainWindow.kt:115)
	at com.almasb.fxgl.app.FXGLApplication$GameApplicationService.onUpdate(FXGLApplication.kt:426)
	at com.almasb.fxgl.app.Engine.loop(Engine.kt:134)
	at com.almasb.fxgl.app.Engine.access$loop(Engine.kt:24)
	at com.almasb.fxgl.app.Engine$loop$1.invoke(Engine.kt:28)
	at com.almasb.fxgl.app.Engine$loop$1.invoke(Engine.kt:28)
	at com.almasb.fxgl.app.LoopRunner.frame(LoopRunner.kt:103)
	at com.almasb.fxgl.app.LoopRunner.access$frame(LoopRunner.kt:23)
	at com.almasb.fxgl.app.LoopRunner$impl$2$1.onTick(LoopRunner.kt:57)
	at com.almasb.fxgl.app.AnimationTimerLoop$timer$1.handle(LoopRunner.kt:137)
	at javafx.animation.AnimationTimer$AnimationTimerReceiver.lambda$handle$0(AnimationTimer.java:58)
	at java.base/java.security.AccessController.doPrivileged(AccessController.java:400)
	at javafx.animation.AnimationTimer$AnimationTimerReceiver.handle(AnimationTimer.java:57)
	at com.sun.scenario.animation.AbstractPrimaryTimer.timePulseImpl(AbstractPrimaryTimer.java:356)
	at com.sun.scenario.animation.AbstractPrimaryTimer$MainLoop.run(AbstractPrimaryTimer.java:266)
	at com.sun.javafx.tk.quantum.QuantumToolkit.pulse(QuantumToolkit.java:588)
	at com.sun.javafx.tk.quantum.QuantumToolkit.pulse(QuantumToolkit.java:572)
	at com.sun.javafx.tk.quantum.QuantumToolkit.pulseFromQueue(QuantumToolkit.java:565)
	at com.sun.javafx.tk.quantum.QuantumToolkit.lambda$runToolkit$11(QuantumToolkit.java:352)
	at com.sun.glass.ui.InvokeLaterDispatcher$Future.run(InvokeLaterDispatcher.java:96)
	at com.sun.glass.ui.win.WinApplication._runLoop(Native Method)
	at com.sun.glass.ui.win.WinApplication.lambda$runLoop$3(WinApplication.java:184)
	at java.base/java.lang.Thread.run(Thread.java:1623)

14:33:05.524 [JavaFX Application Thread] FATAL FXGLApplication      - Application will now exit
14:33:05.536 [JavaFX Application Thread] DEBUG PrimaryStageWindow   - Push state: ErrorSubScene
14:33:05.536 [JavaFX Application Thread] DEBUG Input                - Clearing active input actions
14:33:05.540 [JavaFX Application Thread] DEBUG GameApplicationServi - Removing overlay from GameScene and adding to ErrorSubScene
14:33:05.540 [JavaFX Application Thread] DEBUG PrimaryStageWindow   - GameScene -> ErrorSubScene
14:33:06.472 [FXGL Background Thread 3 ] DEBUG Engine               - Logging environment variables
14:33:06.472 [FXGL Background Thread 3 ] DEBUG Engine               - achievements: []
14:33:06.472 [FXGL Background Thread 3 ] DEBUG Engine               - actualHeight: 800.0
14:33:06.472 [FXGL Background Thread 3 ] DEBUG Engine               - actualHeightProperty: ReadOnlyDoubleProperty [value: 800.0]
14:33:06.472 [FXGL Background Thread 3 ] DEBUG Engine               - actualWidth: 800.0
14:33:06.472 [FXGL Background Thread 3 ] DEBUG Engine               - actualWidthProperty: ReadOnlyDoubleProperty [value: 800.0]
14:33:06.472 [FXGL Background Thread 3 ] DEBUG Engine               - appIcon: fxgl_icon.png
14:33:06.472 [FXGL Background Thread 3 ] DEBUG Engine               - applicationMode: DEVELOPER
14:33:06.472 [FXGL Background Thread 3 ] DEBUG Engine               - cSSList: [fxgl_dark.css]
14:33:06.472 [FXGL Background Thread 3 ] DEBUG Engine               - collisionDetectionStrategy: BRUTE_FORCE
14:33:06.472 [FXGL Background Thread 3 ] DEBUG Engine               - configClass: Optional.empty
14:33:06.473 [FXGL Background Thread 3 ] DEBUG Engine               - credits: []
14:33:06.473 [FXGL Background Thread 3 ] DEBUG Engine               - defaultCursor: CursorInfo(imageName=fxgl_default_cursor.png, hotspotX=7.0, hotspotY=6.0)
14:33:06.473 [FXGL Background Thread 3 ] DEBUG Engine               - devBBoxColorProperty: ObjectProperty [value: 0xff0000ff]
14:33:06.473 [FXGL Background Thread 3 ] DEBUG Engine               - devEnableDebugCameraProperty: BooleanProperty [value: false]
14:33:06.473 [FXGL Background Thread 3 ] DEBUG Engine               - devSensorColorProperty: ObjectProperty [value: 0xffff00ff]
14:33:06.473 [FXGL Background Thread 3 ] DEBUG Engine               - devShowBBoxProperty: BooleanProperty [value: false]
14:33:06.473 [FXGL Background Thread 3 ] DEBUG Engine               - devShowPositionProperty: BooleanProperty [value: false]
14:33:06.473 [FXGL Background Thread 3 ] DEBUG Engine               - enabledMenuItems: []
14:33:06.473 [FXGL Background Thread 3 ] DEBUG Engine               - engineServices: [class com.almasb.fxgl.app.services.FXGLAssetLoaderService, class com.almasb.fxgl.app.FXGLApplication$GameApplicationService, class com.almasb.fxgl.app.services.FXGLDialogService, class com.almasb.fxgl.app.services.IOTaskExecutorService, class com.almasb.fxgl.io.FileSystemService, class com.almasb.fxgl.localization.LocalizationService, class com.almasb.fxgl.app.services.SystemBundleService, class com.almasb.fxgl.profile.SaveLoadService, class com.almasb.fxgl.ui.FXGLUIFactoryServiceProvider, class com.almasb.fxgl.ui.FXGLDialogFactoryServiceProvider, class com.almasb.fxgl.audio.AudioPlayer, class com.almasb.fxgl.notification.impl.NotificationServiceProvider, class com.almasb.fxgl.achievement.AchievementService, class com.almasb.fxgl.cutscene.CutsceneService, class com.almasb.fxgl.minigames.MiniGameService, class com.almasb.fxgl.net.NetService, class com.almasb.fxgl.app.services.UpdaterService, class com.almasb.fxgl.dev.DevService]
14:33:06.473 [FXGL Background Thread 3 ] DEBUG Engine               - fontGame: Abel-Regular.ttf
14:33:06.473 [FXGL Background Thread 3 ] DEBUG Engine               - fontMono: TerminalLandMono-Regular.otf
14:33:06.473 [FXGL Background Thread 3 ] DEBUG Engine               - fontText: Courier-Prime.ttf
14:33:06.473 [FXGL Background Thread 3 ] DEBUG Engine               - fontUI: VarelaRound-Regular.ttf
14:33:06.473 [FXGL Background Thread 3 ] DEBUG Engine               - fullScreen: BooleanProperty [value: false]
14:33:06.473 [FXGL Background Thread 3 ] DEBUG Engine               - gameDifficulty: MEDIUM
14:33:06.473 [FXGL Background Thread 3 ] DEBUG Engine               - gameDifficultyProperty: ObjectProperty [value: MEDIUM]
14:33:06.473 [FXGL Background Thread 3 ] DEBUG Engine               - globalMusicVolume: 0.5
14:33:06.474 [FXGL Background Thread 3 ] DEBUG Engine               - globalMusicVolumeProperty: DoubleProperty [value: 0.5]
14:33:06.474 [FXGL Background Thread 3 ] DEBUG Engine               - globalSoundVolume: 0.5
14:33:06.474 [FXGL Background Thread 3 ] DEBUG Engine               - globalSoundVolumeProperty: DoubleProperty [value: 0.5]
14:33:06.474 [FXGL Background Thread 3 ] DEBUG Engine               - height: 800
14:33:06.474 [FXGL Background Thread 3 ] DEBUG Engine               - is3D: false
14:33:06.474 [FXGL Background Thread 3 ] DEBUG Engine               - isAndroid: false
14:33:06.474 [FXGL Background Thread 3 ] DEBUG Engine               - isBrowser: false
14:33:06.474 [FXGL Background Thread 3 ] DEBUG Engine               - isClickFeedbackEnabled: false
14:33:06.474 [FXGL Background Thread 3 ] DEBUG Engine               - isCloseConfirmation: false
14:33:06.474 [FXGL Background Thread 3 ] DEBUG Engine               - isDesktop: true
14:33:06.474 [FXGL Background Thread 3 ] DEBUG Engine               - isDeveloperMenuEnabled: false
14:33:06.474 [FXGL Background Thread 3 ] DEBUG Engine               - isEmbedded: false
14:33:06.474 [FXGL Background Thread 3 ] DEBUG Engine               - isEntityPreloadEnabled: true
14:33:06.474 [FXGL Background Thread 3 ] DEBUG Engine               - isExperimentalTiledLargeMap: false
14:33:06.474 [FXGL Background Thread 3 ] DEBUG Engine               - isFileSystemWriteAllowed: true
14:33:06.474 [FXGL Background Thread 3 ] DEBUG Engine               - isFullScreenAllowed: false
14:33:06.474 [FXGL Background Thread 3 ] DEBUG Engine               - isFullScreenFromStart: false
14:33:06.474 [FXGL Background Thread 3 ] DEBUG Engine               - isGameMenuEnabled: true
14:33:06.474 [FXGL Background Thread 3 ] DEBUG Engine               - isIOS: false
14:33:06.474 [FXGL Background Thread 3 ] DEBUG Engine               - isIntroEnabled: false
14:33:06.474 [FXGL Background Thread 3 ] DEBUG Engine               - isLinux: false
14:33:06.474 [FXGL Background Thread 3 ] DEBUG Engine               - isMac: false
14:33:06.474 [FXGL Background Thread 3 ] DEBUG Engine               - isMainMenuEnabled: false
14:33:06.475 [FXGL Background Thread 3 ] DEBUG Engine               - isManualResizeEnabled: false
14:33:06.475 [FXGL Background Thread 3 ] DEBUG Engine               - isMobile: false
14:33:06.475 [FXGL Background Thread 3 ] DEBUG Engine               - isNative: false
14:33:06.475 [FXGL Background Thread 3 ] DEBUG Engine               - isPauseMusicWhenMinimized: true
14:33:06.475 [FXGL Background Thread 3 ] DEBUG Engine               - isPreserveResizeRatio: false
14:33:06.475 [FXGL Background Thread 3 ] DEBUG Engine               - isProfilingEnabled: false
14:33:06.475 [FXGL Background Thread 3 ] DEBUG Engine               - isScaleAffectedOnResize: true
14:33:06.475 [FXGL Background Thread 3 ] DEBUG Engine               - isSingleStep: false
14:33:06.475 [FXGL Background Thread 3 ] DEBUG Engine               - isUserProfileEnabled: false
14:33:06.475 [FXGL Background Thread 3 ] DEBUG Engine               - isWindows: true
14:33:06.475 [FXGL Background Thread 3 ] DEBUG Engine               - language: ObjectProperty [value: ENGLISH]
14:33:06.475 [FXGL Background Thread 3 ] DEBUG Engine               - menuKey: ESCAPE
14:33:06.475 [FXGL Background Thread 3 ] DEBUG Engine               - mouseSensitivity: 0.2
14:33:06.475 [FXGL Background Thread 3 ] DEBUG Engine               - notificationViewClass: class com.almasb.fxgl.notification.view.XboxNotificationView
14:33:06.475 [FXGL Background Thread 3 ] DEBUG Engine               - pixelsPerMeter: 50.0
14:33:06.475 [FXGL Background Thread 3 ] DEBUG Engine               - platform: WINDOWS
14:33:06.475 [FXGL Background Thread 3 ] DEBUG Engine               - prefHeightProperty: ReadOnlyDoubleProperty [value: 800.0]
14:33:06.475 [FXGL Background Thread 3 ] DEBUG Engine               - prefWidthProperty: ReadOnlyDoubleProperty [value: 800.0]
14:33:06.475 [FXGL Background Thread 3 ] DEBUG Engine               - profileDir: profiles/
14:33:06.475 [FXGL Background Thread 3 ] DEBUG Engine               - profileName: StringProperty [value: DEFAULT]
14:33:06.475 [FXGL Background Thread 3 ] DEBUG Engine               - randomSeed: -1
14:33:06.475 [FXGL Background Thread 3 ] DEBUG Engine               - runtimeInfo: RuntimeInfo(platform=WINDOWS, version=17.2, build=20.08.2022 16.50)
14:33:06.475 [FXGL Background Thread 3 ] DEBUG Engine               - saveFileExt: sav
14:33:06.476 [FXGL Background Thread 3 ] DEBUG Engine               - scaledHeightProp$fxgl: DoubleProperty [bound, value: 800.0]
14:33:06.476 [FXGL Background Thread 3 ] DEBUG Engine               - scaledWidthProp$fxgl: DoubleProperty [bound, value: 800.0]
14:33:06.476 [FXGL Background Thread 3 ] DEBUG Engine               - sceneFactory: com.almasb.fxgl.app.scene.SceneFactory@7bd643a2
14:33:06.476 [FXGL Background Thread 3 ] DEBUG Engine               - secondsIn24h: 60
14:33:06.476 [FXGL Background Thread 3 ] DEBUG Engine               - soundMenuBack: menu/back.wav
14:33:06.476 [FXGL Background Thread 3 ] DEBUG Engine               - soundMenuPress: menu/press.wav
14:33:06.476 [FXGL Background Thread 3 ] DEBUG Engine               - soundMenuSelect: menu/select.wav
14:33:06.476 [FXGL Background Thread 3 ] DEBUG Engine               - soundNotification: core/notification.wav
14:33:06.476 [FXGL Background Thread 3 ] DEBUG Engine               - stageStyle: DECORATED
14:33:06.476 [FXGL Background Thread 3 ] DEBUG Engine               - supportedLanguages: [ENGLISH, FRENCH, GERMAN, HUNGARIAN, RUSSIAN]
14:33:06.476 [FXGL Background Thread 3 ] DEBUG Engine               - ticksPerSecond: -1
14:33:06.476 [FXGL Background Thread 3 ] DEBUG Engine               - title: Dinsdag 12:25
14:33:06.476 [FXGL Background Thread 3 ] DEBUG Engine               - urlGithub: https://github.com/AlmasB/FXGL
14:33:06.476 [FXGL Background Thread 3 ] DEBUG Engine               - urlLeaderboard: http://fxgl-top.herokuapp.com/
14:33:06.476 [FXGL Background Thread 3 ] DEBUG Engine               - urlPOM: https://raw.githubusercontent.com/AlmasB/FXGL/release/README.md
14:33:06.476 [FXGL Background Thread 3 ] DEBUG Engine               - userAppClass: class com.example.challengeweeksegoed.Game
14:33:06.476 [FXGL Background Thread 3 ] DEBUG Engine               - version: 1.3
14:33:06.476 [FXGL Background Thread 3 ] DEBUG Engine               - versionCheckDays: 7
14:33:06.476 [FXGL Background Thread 3 ] DEBUG Engine               - width: 800
14:33:06.476 [FXGL Background Thread 3 ] DEBUG Engine               - Logging services
14:33:06.476 [FXGL Background Thread 3 ] DEBUG Engine               - class com.almasb.fxgl.app.services.FXGLAssetLoaderService
14:33:06.476 [FXGL Background Thread 3 ] DEBUG Engine               - class com.almasb.fxgl.app.FXGLApplication$GameApplicationService
14:33:06.476 [FXGL Background Thread 3 ] DEBUG Engine               - class com.almasb.fxgl.app.services.FXGLDialogService
14:33:06.476 [FXGL Background Thread 3 ] DEBUG Engine               - class com.almasb.fxgl.app.services.IOTaskExecutorService
14:33:06.476 [FXGL Background Thread 3 ] DEBUG Engine               - class com.almasb.fxgl.io.FileSystemService
14:33:06.476 [FXGL Background Thread 3 ] DEBUG Engine               - class com.almasb.fxgl.localization.LocalizationService
14:33:06.477 [FXGL Background Thread 3 ] DEBUG Engine               - class com.almasb.fxgl.app.services.SystemBundleService
14:33:06.477 [FXGL Background Thread 3 ] DEBUG Engine               - class com.almasb.fxgl.profile.SaveLoadService
14:33:06.477 [FXGL Background Thread 3 ] DEBUG Engine               - class com.almasb.fxgl.ui.FXGLUIFactoryServiceProvider
14:33:06.477 [FXGL Background Thread 3 ] DEBUG Engine               - class com.almasb.fxgl.ui.FXGLDialogFactoryServiceProvider
14:33:06.477 [FXGL Background Thread 3 ] DEBUG Engine               - class com.almasb.fxgl.audio.AudioPlayer
14:33:06.477 [FXGL Background Thread 3 ] DEBUG Engine               - class com.almasb.fxgl.notification.impl.NotificationServiceProvider
14:33:06.477 [FXGL Background Thread 3 ] DEBUG Engine               - class com.almasb.fxgl.achievement.AchievementService
14:33:06.477 [FXGL Background Thread 3 ] DEBUG Engine               - class com.almasb.fxgl.cutscene.CutsceneService
14:33:06.477 [FXGL Background Thread 3 ] DEBUG Engine               - class com.almasb.fxgl.minigames.MiniGameService
14:33:06.477 [FXGL Background Thread 3 ] DEBUG Engine               - class com.almasb.fxgl.net.NetService
14:33:06.477 [FXGL Background Thread 3 ] DEBUG Engine               - class com.almasb.fxgl.app.services.UpdaterService
14:33:06.477 [FXGL Background Thread 3 ] DEBUG Engine               - class com.almasb.fxgl.dev.DevService
14:33:10.970 [JavaFX Application Thread] DEBUG FXGLApplication      - Exiting FXGL
14:33:10.970 [JavaFX Application Thread] DEBUG Async                - Shutting down background threads
14:33:10.971 [JavaFX Application Thread] DEBUG PrimaryStageWindow   - Closing main window
14:33:10.980 [JavaFX Application Thread] DEBUG Logger               - Closing Logger
