14:35:17.612 [main                     ] DEBUG Logger               - Configured Logger
14:35:17.630 [main                     ] DEBUG GameApplication      - Logging settings
Title: Dinsdag 12:25
Version: 1.3
Width: 800
Height: 800
Fullscreen: false
Intro: false
Profiling: false
Single step:false
App Mode: DEVELOPER
Menu Key: ESCAPE
Stage Style: DECORATED
Scene Factory: class com.almasb.fxgl.app.scene.SceneFactory

14:35:17.990 [JavaFX Application Thread] DEBUG FXGLApplication      - Initializing FXGL
14:35:17.994 [JavaFX Application Thread] INFO  Engine               - FXGL-17.2 (20.08.2022 16.50) on WINDOWS (J:20 FX:20-ea)
14:35:17.994 [JavaFX Application Thread] DEBUG Engine               - JRE Vendor Name: Oracle Corporation
14:35:17.994 [JavaFX Application Thread] DEBUG Engine               - Running on OS: Windows 11 version 10.0
14:35:17.994 [JavaFX Application Thread] DEBUG Engine               - Architecture: amd64
14:35:17.994 [JavaFX Application Thread] INFO  Engine               - Source code and latest versions at: https://github.com/AlmasB/FXGL
14:35:17.995 [JavaFX Application Thread] INFO  Engine               -       Ask questions and discuss at: https://github.com/AlmasB/FXGL/discussions
14:35:17.995 [JavaFX Application Thread] INFO  Engine               -              Join the FXGL chat at: https://gitter.im/AlmasB/FXGL
14:35:18.086 [JavaFX Application Thread] DEBUG PrimaryStageWindow   - Creating a JavaFX scene
14:35:18.123 [JavaFX Application Thread] DEBUG PrimaryStageWindow   - Target settings size: 800.0 x 800.0
14:35:18.124 [JavaFX Application Thread] DEBUG PrimaryStageWindow   - Scaled scene size:    800.0 x 800.0
14:35:18.124 [JavaFX Application Thread] DEBUG PrimaryStageWindow   - Scaled ratio: (1.0, 1.0)
14:35:18.125 [JavaFX Application Thread] DEBUG PrimaryStageWindow   - Set initial scene to FXGLStartupScene
14:35:18.128 [JavaFX Application Thread] DEBUG PrimaryStageWindow   - Opening main window
14:35:18.194 [JavaFX Application Thread] DEBUG PrimaryStageWindow   - Window border size: (16.0, 39.0)
14:35:18.194 [JavaFX Application Thread] DEBUG PrimaryStageWindow   - Scaled size: 800.0 x 800.0
14:35:18.194 [JavaFX Application Thread] DEBUG PrimaryStageWindow   - Scaled ratio: (1.0, 1.0)
14:35:18.194 [JavaFX Application Thread] DEBUG PrimaryStageWindow   - Scene size: 800.0 x 800.0
14:35:18.194 [JavaFX Application Thread] DEBUG PrimaryStageWindow   - Stage size: 816.0 x 839.0
14:35:18.200 [FXGL Background Thread 1 ] DEBUG Engine               - Initializing environment variables
14:35:18.239 [FXGL Background Thread 1 ] DEBUG FXGLAssetLoaderServi - User app class for loading assets: class com.example.challengeweeksegoed.Game
14:35:18.239 [FXGL Background Thread 1 ] DEBUG GameApplicationServi - Applying CSS: fxgl_dark.css
14:35:18.240 [FXGL Background Thread 1 ] DEBUG FXGLAssetLoaderServi - Loading from file system: jar:file:/C:/Users/31611/.m2/repository/com/github/almasb/fxgl/17.2/fxgl-17.2.jar!/fxglassets/ui/css/fxgl_dark.css
14:35:18.273 [FXGL Background Thread 1 ] DEBUG GameApplicationServi - Initializing application scenes
14:35:18.298 [FXGL Background Thread 1 ] DEBUG GameWorld            - Game world initialized
14:35:18.344 [FXGL Background Thread 1 ] DEBUG PhysicsWorld         - Physics world initialized: appHeight=800, physics.ppm=50,0
14:35:18.344 [FXGL Background Thread 1 ] DEBUG PhysicsWorld         - Using strategy: BRUTE_FORCE
14:35:18.347 [FXGL Background Thread 1 ] DEBUG GameScene            - Game scene initialized: 800x800
14:35:18.356 [FXGL Background Thread 1 ] DEBUG FXGL.DefaultMenu     - createMenuBodyGameMenu()
14:35:18.369 [FXGL Background Thread 1 ] DEBUG FXGL.DefaultMenu     - createOptionsMenu()
14:35:18.376 [FXGL Background Thread 1 ] DEBUG FXGLAssetLoaderServi - Loading from file system: jar:file:/C:/Users/31611/.m2/repository/com/github/almasb/fxgl/17.2/fxgl-17.2.jar!/fxglassets/textures/particles/smoke.png
14:35:18.453 [FXGL Background Thread 1 ] DEBUG FXGLAssetLoaderServi - Loading from file system: jar:file:/C:/Users/31611/.m2/repository/com/github/almasb/fxgl/17.2/fxgl-17.2.jar!/fxglassets/textures/particles/trace_horizontal.png
14:35:18.479 [FXGL Background Thread 1 ] DEBUG GameApplicationServi - Application scenes initialized
14:35:18.489 [FXGL Background Thread 1 ] DEBUG SystemBundleService  - Loading FXGL system data
14:35:18.492 [FXGL Background Thread 1 ] DEBUG FileSystemAccess     - Reading from: C:\Users\31611\IdeaProjects\challengeweekSE-goed\system\fxgl.bundle
14:35:18.500 [FXGL Background Thread 1 ] DEBUG SystemBundleService  - Bundle FXGL: {}
14:35:18.500 [FXGL Background Thread 1 ] DEBUG UpdaterService       - Checking for updates
14:35:18.503 [FXGL Background Thread 4 ] DEBUG FXGLApplication      - Loading fonts
14:35:18.503 [FXGL Background Thread 1 ] DEBUG FXGLApplication      - Loading default localization
14:35:18.503 [FXGL Background Thread 4 ] DEBUG FXGLAssetLoaderServi - Loading from file system: jar:file:/C:/Users/31611/.m2/repository/com/github/almasb/fxgl/17.2/fxgl-17.2.jar!/fxglassets/ui/fonts/VarelaRound-Regular.ttf
14:35:18.504 [FXGL Background Thread 1 ] DEBUG FXGLAssetLoaderServi - Loading from file system: jar:file:/C:/Users/31611/.m2/repository/com/github/almasb/fxgl/17.2/fxgl-17.2.jar!/fxglassets/languages/english.lang
14:35:18.521 [FXGL Background Thread 1 ] INFO  FXGLApplication      - FXGL initialization took: 0,320 sec
14:35:18.531 [JavaFX Application Thread] DEBUG Input                - Registered new binding: action0 - A
14:35:18.531 [JavaFX Application Thread] DEBUG Input                - Registered new binding: action1 - D
14:35:18.532 [JavaFX Application Thread] DEBUG Input                - Registered new binding: action2 - W
14:35:18.532 [JavaFX Application Thread] DEBUG Input                - Registered new binding: action3 - S
14:35:18.532 [JavaFX Application Thread] DEBUG Input                - Registered new binding: shoot - C
14:35:18.533 [JavaFX Application Thread] DEBUG Input                - Registered new binding: action4 - Right
14:35:18.533 [JavaFX Application Thread] DEBUG Input                - Registered new binding: action5 - Up
14:35:18.533 [JavaFX Application Thread] DEBUG Input                - Registered new binding: action6 - Down
14:35:18.533 [JavaFX Application Thread] DEBUG Input                - Registered new binding: shield - Space
14:35:18.534 [JavaFX Application Thread] DEBUG FXGLAssetLoaderServi - Loading from file system: jar:file:/C:/Users/31611/.m2/repository/com/github/almasb/fxgl/17.2/fxgl-17.2.jar!/fxglassets/textures/fxgl_icon.png
14:35:18.545 [FXGL Background Thread 4 ] DEBUG FXGLAssetLoaderServi - Loading from file system: jar:file:/C:/Users/31611/.m2/repository/com/github/almasb/fxgl/17.2/fxgl-17.2.jar!/fxglassets/ui/fonts/Abel-Regular.ttf
14:35:18.552 [JavaFX Application Thread] DEBUG FXGLAssetLoaderServi - Loading from file system: jar:file:/C:/Users/31611/.m2/repository/com/github/almasb/fxgl/17.2/fxgl-17.2.jar!/fxglassets/textures/fxgl_default_cursor.png
14:35:18.553 [FXGL Background Thread 4 ] DEBUG FXGLAssetLoaderServi - Loading from file system: jar:file:/C:/Users/31611/.m2/repository/com/github/almasb/fxgl/17.2/fxgl-17.2.jar!/fxglassets/ui/fonts/TerminalLandMono-Regular.otf
14:35:18.553 [JavaFX Application Thread] DEBUG Input                - Registered new binding: Screenshot - CTRL+8
14:35:18.554 [JavaFX Application Thread] DEBUG Input                - Registered new binding: System info dump - CTRL+9
14:35:18.554 [JavaFX Application Thread] DEBUG Input                - Registered new binding: Restart - CTRL+R
14:35:18.554 [JavaFX Application Thread] DEBUG Input                - Registered new binding: Toggle Debug Camera - CTRL+7
14:35:18.556 [JavaFX Application Thread] DEBUG LoopRunner           - Starting loop
14:35:18.556 [JavaFX Application Thread] DEBUG LoopRunner           - Initializing JavaFX AnimationTimerLoop
14:35:18.557 [JavaFX Application Thread] DEBUG GameApplicationServi - Starting new game
14:35:18.557 [JavaFX Application Thread] DEBUG Input                - Clearing active input actions
14:35:18.560 [FXGL Background Thread 4 ] DEBUG FXGLAssetLoaderServi - Loading from file system: jar:file:/C:/Users/31611/.m2/repository/com/github/almasb/fxgl/17.2/fxgl-17.2.jar!/fxglassets/ui/fonts/Courier-Prime.ttf
14:35:18.566 [JavaFX Application Thread] DEBUG GameApplicationServi - Removing overlay from FXGLStartupScene and adding to FXGLLoadingScene
14:35:18.566 [JavaFX Application Thread] DEBUG PrimaryStageWindow   - FXGLStartupScene -> FXGLLoadingScene
14:35:18.566 [JavaFX Application Thread] DEBUG GameApplicationServi - Clearing previous game
14:35:18.566 [JavaFX Application Thread] DEBUG GameScene            - Clearing game scene
14:35:18.567 [JavaFX Application Thread] DEBUG GameWorld            - Clearing game world
14:35:18.567 [JavaFX Application Thread] DEBUG PhysicsWorld         - Clearing physics world
14:35:18.568 [FXGL Background Thread 1 ] DEBUG FXGLApplication      - Initializing game
14:35:18.579 [FXGL Background Thread 1 ] DEBUG FXGLAssetLoaderServi - Loading from file system: file:/C:/Users/31611/IdeaProjects/challengeweekSE-goed/target/classes/assets/textures/shieldguy.png
14:35:18.589 [FXGL Background Thread 1 ] DEBUG FXGLAssetLoaderServi - Loading from file system: file:/C:/Users/31611/IdeaProjects/challengeweekSE-goed/target/classes/assets/textures/swordguy.png
14:35:18.591 [FXGL Background Thread 1 ] INFO  FXGLApplication      - Game initialization took: 0,023 sec
14:35:18.598 [JavaFX Application Thread] DEBUG FXGLApplication      - Registering font factories with UI factory
14:35:18.599 [JavaFX Application Thread] DEBUG Input                - Clearing active input actions
14:35:18.611 [JavaFX Application Thread] DEBUG GameApplicationServi - Removing overlay from FXGLLoadingScene and adding to GameScene
14:35:18.612 [JavaFX Application Thread] DEBUG PrimaryStageWindow   - FXGLLoadingScene -> GameScene
14:35:18.798 [FXGL Background Thread 2 ] INFO  UpdaterService       - Your current version:  17.2
14:35:18.798 [FXGL Background Thread 2 ] INFO  UpdaterService       - Latest stable version: 17.3
14:35:21.503 [FXGL Background Thread 3 ] DEBUG Engine               - Logging environment variables
14:35:21.503 [FXGL Background Thread 3 ] DEBUG Engine               - achievements: []
14:35:21.503 [FXGL Background Thread 3 ] DEBUG Engine               - actualHeight: 800.0
14:35:21.503 [FXGL Background Thread 3 ] DEBUG Engine               - actualHeightProperty: ReadOnlyDoubleProperty [value: 800.0]
14:35:21.503 [FXGL Background Thread 3 ] DEBUG Engine               - actualWidth: 800.0
14:35:21.503 [FXGL Background Thread 3 ] DEBUG Engine               - actualWidthProperty: ReadOnlyDoubleProperty [value: 800.0]
14:35:21.503 [FXGL Background Thread 3 ] DEBUG Engine               - appIcon: fxgl_icon.png
14:35:21.503 [FXGL Background Thread 3 ] DEBUG Engine               - applicationMode: DEVELOPER
14:35:21.503 [FXGL Background Thread 3 ] DEBUG Engine               - cSSList: [fxgl_dark.css]
14:35:21.504 [FXGL Background Thread 3 ] DEBUG Engine               - collisionDetectionStrategy: BRUTE_FORCE
14:35:21.504 [FXGL Background Thread 3 ] DEBUG Engine               - configClass: Optional.empty
14:35:21.504 [FXGL Background Thread 3 ] DEBUG Engine               - credits: []
14:35:21.504 [FXGL Background Thread 3 ] DEBUG Engine               - defaultCursor: CursorInfo(imageName=fxgl_default_cursor.png, hotspotX=7.0, hotspotY=6.0)
14:35:21.504 [FXGL Background Thread 3 ] DEBUG Engine               - devBBoxColorProperty: ObjectProperty [value: 0xff0000ff]
14:35:21.504 [FXGL Background Thread 3 ] DEBUG Engine               - devEnableDebugCameraProperty: BooleanProperty [value: false]
14:35:21.504 [FXGL Background Thread 3 ] DEBUG Engine               - devSensorColorProperty: ObjectProperty [value: 0xffff00ff]
14:35:21.504 [FXGL Background Thread 3 ] DEBUG Engine               - devShowBBoxProperty: BooleanProperty [value: false]
14:35:21.504 [FXGL Background Thread 3 ] DEBUG Engine               - devShowPositionProperty: BooleanProperty [value: false]
14:35:21.504 [FXGL Background Thread 3 ] DEBUG Engine               - enabledMenuItems: []
14:35:21.504 [FXGL Background Thread 3 ] DEBUG Engine               - engineServices: [class com.almasb.fxgl.app.services.FXGLAssetLoaderService, class com.almasb.fxgl.app.FXGLApplication$GameApplicationService, class com.almasb.fxgl.app.services.FXGLDialogService, class com.almasb.fxgl.app.services.IOTaskExecutorService, class com.almasb.fxgl.io.FileSystemService, class com.almasb.fxgl.localization.LocalizationService, class com.almasb.fxgl.app.services.SystemBundleService, class com.almasb.fxgl.profile.SaveLoadService, class com.almasb.fxgl.ui.FXGLUIFactoryServiceProvider, class com.almasb.fxgl.ui.FXGLDialogFactoryServiceProvider, class com.almasb.fxgl.audio.AudioPlayer, class com.almasb.fxgl.notification.impl.NotificationServiceProvider, class com.almasb.fxgl.achievement.AchievementService, class com.almasb.fxgl.cutscene.CutsceneService, class com.almasb.fxgl.minigames.MiniGameService, class com.almasb.fxgl.net.NetService, class com.almasb.fxgl.app.services.UpdaterService, class com.almasb.fxgl.dev.DevService]
14:35:21.504 [FXGL Background Thread 3 ] DEBUG Engine               - fontGame: Abel-Regular.ttf
14:35:21.504 [FXGL Background Thread 3 ] DEBUG Engine               - fontMono: TerminalLandMono-Regular.otf
14:35:21.504 [FXGL Background Thread 3 ] DEBUG Engine               - fontText: Courier-Prime.ttf
14:35:21.504 [FXGL Background Thread 3 ] DEBUG Engine               - fontUI: VarelaRound-Regular.ttf
14:35:21.504 [FXGL Background Thread 3 ] DEBUG Engine               - fullScreen: BooleanProperty [value: false]
14:35:21.505 [FXGL Background Thread 3 ] DEBUG Engine               - gameDifficulty: MEDIUM
14:35:21.505 [FXGL Background Thread 3 ] DEBUG Engine               - gameDifficultyProperty: ObjectProperty [value: MEDIUM]
14:35:21.505 [FXGL Background Thread 3 ] DEBUG Engine               - globalMusicVolume: 0.5
14:35:21.505 [FXGL Background Thread 3 ] DEBUG Engine               - globalMusicVolumeProperty: DoubleProperty [value: 0.5]
14:35:21.505 [FXGL Background Thread 3 ] DEBUG Engine               - globalSoundVolume: 0.5
14:35:21.505 [FXGL Background Thread 3 ] DEBUG Engine               - globalSoundVolumeProperty: DoubleProperty [value: 0.5]
14:35:21.505 [FXGL Background Thread 3 ] DEBUG Engine               - height: 800
14:35:21.505 [FXGL Background Thread 3 ] DEBUG Engine               - is3D: false
14:35:21.505 [FXGL Background Thread 3 ] DEBUG Engine               - isAndroid: false
14:35:21.505 [FXGL Background Thread 3 ] DEBUG Engine               - isBrowser: false
14:35:21.505 [FXGL Background Thread 3 ] DEBUG Engine               - isClickFeedbackEnabled: false
14:35:21.505 [FXGL Background Thread 3 ] DEBUG Engine               - isCloseConfirmation: false
14:35:21.505 [FXGL Background Thread 3 ] DEBUG Engine               - isDesktop: true
14:35:21.505 [FXGL Background Thread 3 ] DEBUG Engine               - isDeveloperMenuEnabled: false
14:35:21.505 [FXGL Background Thread 3 ] DEBUG Engine               - isEmbedded: false
14:35:21.505 [FXGL Background Thread 3 ] DEBUG Engine               - isEntityPreloadEnabled: true
14:35:21.505 [FXGL Background Thread 3 ] DEBUG Engine               - isExperimentalTiledLargeMap: false
14:35:21.505 [FXGL Background Thread 3 ] DEBUG Engine               - isFileSystemWriteAllowed: true
14:35:21.505 [FXGL Background Thread 3 ] DEBUG Engine               - isFullScreenAllowed: false
14:35:21.505 [FXGL Background Thread 3 ] DEBUG Engine               - isFullScreenFromStart: false
14:35:21.505 [FXGL Background Thread 3 ] DEBUG Engine               - isGameMenuEnabled: true
14:35:21.506 [FXGL Background Thread 3 ] DEBUG Engine               - isIOS: false
14:35:21.506 [FXGL Background Thread 3 ] DEBUG Engine               - isIntroEnabled: false
14:35:21.506 [FXGL Background Thread 3 ] DEBUG Engine               - isLinux: false
14:35:21.506 [FXGL Background Thread 3 ] DEBUG Engine               - isMac: false
14:35:21.506 [FXGL Background Thread 3 ] DEBUG Engine               - isMainMenuEnabled: false
14:35:21.506 [FXGL Background Thread 3 ] DEBUG Engine               - isManualResizeEnabled: false
14:35:21.506 [FXGL Background Thread 3 ] DEBUG Engine               - isMobile: false
14:35:21.506 [FXGL Background Thread 3 ] DEBUG Engine               - isNative: false
14:35:21.506 [FXGL Background Thread 3 ] DEBUG Engine               - isPauseMusicWhenMinimized: true
14:35:21.506 [FXGL Background Thread 3 ] DEBUG Engine               - isPreserveResizeRatio: false
14:35:21.506 [FXGL Background Thread 3 ] DEBUG Engine               - isProfilingEnabled: false
14:35:21.506 [FXGL Background Thread 3 ] DEBUG Engine               - isScaleAffectedOnResize: true
14:35:21.506 [FXGL Background Thread 3 ] DEBUG Engine               - isSingleStep: false
14:35:21.506 [FXGL Background Thread 3 ] DEBUG Engine               - isUserProfileEnabled: false
14:35:21.506 [FXGL Background Thread 3 ] DEBUG Engine               - isWindows: true
14:35:21.506 [FXGL Background Thread 3 ] DEBUG Engine               - language: ObjectProperty [value: ENGLISH]
14:35:21.506 [FXGL Background Thread 3 ] DEBUG Engine               - menuKey: ESCAPE
14:35:21.506 [FXGL Background Thread 3 ] DEBUG Engine               - mouseSensitivity: 0.2
14:35:21.506 [FXGL Background Thread 3 ] DEBUG Engine               - notificationViewClass: class com.almasb.fxgl.notification.view.XboxNotificationView
14:35:21.506 [FXGL Background Thread 3 ] DEBUG Engine               - pixelsPerMeter: 50.0
14:35:21.506 [FXGL Background Thread 3 ] DEBUG Engine               - platform: WINDOWS
14:35:21.506 [FXGL Background Thread 3 ] DEBUG Engine               - prefHeightProperty: ReadOnlyDoubleProperty [value: 800.0]
14:35:21.506 [FXGL Background Thread 3 ] DEBUG Engine               - prefWidthProperty: ReadOnlyDoubleProperty [value: 800.0]
14:35:21.507 [FXGL Background Thread 3 ] DEBUG Engine               - profileDir: profiles/
14:35:21.507 [FXGL Background Thread 3 ] DEBUG Engine               - profileName: StringProperty [value: DEFAULT]
14:35:21.507 [FXGL Background Thread 3 ] DEBUG Engine               - randomSeed: -1
14:35:21.507 [FXGL Background Thread 3 ] DEBUG Engine               - runtimeInfo: RuntimeInfo(platform=WINDOWS, version=17.2, build=20.08.2022 16.50)
14:35:21.507 [FXGL Background Thread 3 ] DEBUG Engine               - saveFileExt: sav
14:35:21.507 [FXGL Background Thread 3 ] DEBUG Engine               - scaledHeightProp$fxgl: DoubleProperty [bound, value: 800.0]
14:35:21.507 [FXGL Background Thread 3 ] DEBUG Engine               - scaledWidthProp$fxgl: DoubleProperty [bound, value: 800.0]
14:35:21.507 [FXGL Background Thread 3 ] DEBUG Engine               - sceneFactory: com.almasb.fxgl.app.scene.SceneFactory@3a0354e1
14:35:21.507 [FXGL Background Thread 3 ] DEBUG Engine               - secondsIn24h: 60
14:35:21.507 [FXGL Background Thread 3 ] DEBUG Engine               - soundMenuBack: menu/back.wav
14:35:21.507 [FXGL Background Thread 3 ] DEBUG Engine               - soundMenuPress: menu/press.wav
14:35:21.507 [FXGL Background Thread 3 ] DEBUG Engine               - soundMenuSelect: menu/select.wav
14:35:21.507 [FXGL Background Thread 3 ] DEBUG Engine               - soundNotification: core/notification.wav
14:35:21.507 [FXGL Background Thread 3 ] DEBUG Engine               - stageStyle: DECORATED
14:35:21.507 [FXGL Background Thread 3 ] DEBUG Engine               - supportedLanguages: [ENGLISH, FRENCH, GERMAN, HUNGARIAN, RUSSIAN]
14:35:21.507 [FXGL Background Thread 3 ] DEBUG Engine               - ticksPerSecond: -1
14:35:21.507 [FXGL Background Thread 3 ] DEBUG Engine               - title: Dinsdag 12:25
14:35:21.507 [FXGL Background Thread 3 ] DEBUG Engine               - urlGithub: https://github.com/AlmasB/FXGL
14:35:21.507 [FXGL Background Thread 3 ] DEBUG Engine               - urlLeaderboard: http://fxgl-top.herokuapp.com/
14:35:21.508 [FXGL Background Thread 3 ] DEBUG Engine               - urlPOM: https://raw.githubusercontent.com/AlmasB/FXGL/release/README.md
14:35:21.508 [FXGL Background Thread 3 ] DEBUG Engine               - userAppClass: class com.example.challengeweeksegoed.Game
14:35:21.508 [FXGL Background Thread 3 ] DEBUG Engine               - version: 1.3
14:35:21.508 [FXGL Background Thread 3 ] DEBUG Engine               - versionCheckDays: 7
14:35:21.508 [FXGL Background Thread 3 ] DEBUG Engine               - width: 800
14:35:21.508 [FXGL Background Thread 3 ] DEBUG Engine               - Logging services
14:35:21.508 [FXGL Background Thread 3 ] DEBUG Engine               - class com.almasb.fxgl.app.services.FXGLAssetLoaderService
14:35:21.508 [FXGL Background Thread 3 ] DEBUG Engine               - class com.almasb.fxgl.app.FXGLApplication$GameApplicationService
14:35:21.508 [FXGL Background Thread 3 ] DEBUG Engine               - class com.almasb.fxgl.app.services.FXGLDialogService
14:35:21.508 [FXGL Background Thread 3 ] DEBUG Engine               - class com.almasb.fxgl.app.services.IOTaskExecutorService
14:35:21.508 [FXGL Background Thread 3 ] DEBUG Engine               - class com.almasb.fxgl.io.FileSystemService
14:35:21.508 [FXGL Background Thread 3 ] DEBUG Engine               - class com.almasb.fxgl.localization.LocalizationService
14:35:21.508 [FXGL Background Thread 3 ] DEBUG Engine               - class com.almasb.fxgl.app.services.SystemBundleService
14:35:21.508 [FXGL Background Thread 3 ] DEBUG Engine               - class com.almasb.fxgl.profile.SaveLoadService
14:35:21.508 [FXGL Background Thread 3 ] DEBUG Engine               - class com.almasb.fxgl.ui.FXGLUIFactoryServiceProvider
14:35:21.508 [FXGL Background Thread 3 ] DEBUG Engine               - class com.almasb.fxgl.ui.FXGLDialogFactoryServiceProvider
14:35:21.508 [FXGL Background Thread 3 ] DEBUG Engine               - class com.almasb.fxgl.audio.AudioPlayer
14:35:21.508 [FXGL Background Thread 3 ] DEBUG Engine               - class com.almasb.fxgl.notification.impl.NotificationServiceProvider
14:35:21.508 [FXGL Background Thread 3 ] DEBUG Engine               - class com.almasb.fxgl.achievement.AchievementService
14:35:21.508 [FXGL Background Thread 3 ] DEBUG Engine               - class com.almasb.fxgl.cutscene.CutsceneService
14:35:21.508 [FXGL Background Thread 3 ] DEBUG Engine               - class com.almasb.fxgl.minigames.MiniGameService
14:35:21.508 [FXGL Background Thread 3 ] DEBUG Engine               - class com.almasb.fxgl.net.NetService
14:35:21.508 [FXGL Background Thread 3 ] DEBUG Engine               - class com.almasb.fxgl.app.services.UpdaterService
14:35:21.508 [FXGL Background Thread 3 ] DEBUG Engine               - class com.almasb.fxgl.dev.DevService
14:35:30.058 [JavaFX Application Thread] DEBUG LoopRunner           - Stopping loop
14:35:30.059 [JavaFX Application Thread] FATAL FXGLApplication      - Uncaught Exception:
java.lang.IllegalArgumentException: Component RangeGuyComponent not found!
	at com.almasb.fxgl.entity.Entity.getComponent(Entity.java:366)
	at com.example.challengeweeksegoed.Game.lambda$initInput$4(Game.java:43)
	at com.almasb.fxgl.dsl.FXGL$Companion$onKeyDown$1.onActionBegin(FXGL.kt:488)
	at com.almasb.fxgl.input.UserAction.begin$fxgl_core(UserAction.kt:37)
	at com.almasb.fxgl.input.Input.handlePressed(Input.kt:375)
	at com.almasb.fxgl.input.Input.onKeyEvent(Input.kt:318)
	at com.almasb.fxgl.app.PrimaryStageWindow$1$1.invoke(MainWindow.kt:308)
	at com.almasb.fxgl.app.PrimaryStageWindow$1$1.invoke(MainWindow.kt:308)
	at com.almasb.fxgl.core.fsm.StateMachine.runOnActiveStates(StateMachine.kt:69)
	at com.almasb.fxgl.app.PrimaryStageWindow$1.invoke(MainWindow.kt:308)
	at com.almasb.fxgl.app.PrimaryStageWindow$1.invoke(MainWindow.kt:306)
	at com.almasb.fxgl.app.MainWindow.addKeyHandler$lambda-1(MainWindow.kt:221)
	at com.sun.javafx.event.CompositeEventHandler$NormalEventHandlerRecord.handleBubblingEvent(CompositeEventHandler.java:247)
	at com.sun.javafx.event.CompositeEventHandler.dispatchBubblingEvent(CompositeEventHandler.java:80)
	at com.sun.javafx.event.EventHandlerManager.dispatchBubblingEvent(EventHandlerManager.java:234)
	at com.sun.javafx.event.EventHandlerManager.dispatchBubblingEvent(EventHandlerManager.java:191)
	at com.sun.javafx.event.CompositeEventDispatcher.dispatchBubblingEvent(CompositeEventDispatcher.java:59)
	at com.sun.javafx.event.BasicEventDispatcher.dispatchEvent(BasicEventDispatcher.java:58)
	at com.sun.javafx.event.EventDispatchChainImpl.dispatchEvent(EventDispatchChainImpl.java:114)
	at com.sun.javafx.event.BasicEventDispatcher.dispatchEvent(BasicEventDispatcher.java:56)
	at com.sun.javafx.event.EventDispatchChainImpl.dispatchEvent(EventDispatchChainImpl.java:114)
	at com.sun.javafx.event.EventUtil.fireEventImpl(EventUtil.java:74)
	at com.sun.javafx.event.EventUtil.fireEvent(EventUtil.java:54)
	at javafx.event.Event.fireEvent(Event.java:198)
	at javafx.scene.Scene$KeyHandler.process(Scene.java:4114)
	at javafx.scene.Scene.processKeyEvent(Scene.java:2160)
	at javafx.scene.Scene$ScenePeerListener.keyEvent(Scene.java:2628)
	at com.sun.javafx.tk.quantum.GlassViewEventHandler$KeyEventNotification.run(GlassViewEventHandler.java:218)
	at com.sun.javafx.tk.quantum.GlassViewEventHandler$KeyEventNotification.run(GlassViewEventHandler.java:150)
	at java.base/java.security.AccessController.doPrivileged(AccessController.java:400)
	at com.sun.javafx.tk.quantum.GlassViewEventHandler.lambda$handleKeyEvent$1(GlassViewEventHandler.java:250)
	at com.sun.javafx.tk.quantum.QuantumToolkit.runWithoutRenderLock(QuantumToolkit.java:424)
	at com.sun.javafx.tk.quantum.GlassViewEventHandler.handleKeyEvent(GlassViewEventHandler.java:249)
	at com.sun.glass.ui.View.handleKeyEvent(View.java:542)
	at com.sun.glass.ui.View.notifyKey(View.java:966)
	at com.sun.glass.ui.win.WinApplication._runLoop(Native Method)
	at com.sun.glass.ui.win.WinApplication.lambda$runLoop$3(WinApplication.java:184)
	at java.base/java.lang.Thread.run(Thread.java:1623)

14:35:30.059 [JavaFX Application Thread] FATAL FXGLApplication      - Application will now exit
14:35:30.071 [JavaFX Application Thread] DEBUG PrimaryStageWindow   - Push state: ErrorSubScene
14:35:30.071 [JavaFX Application Thread] DEBUG Input                - Clearing active input actions
14:35:30.075 [JavaFX Application Thread] DEBUG GameApplicationServi - Removing overlay from GameScene and adding to ErrorSubScene
14:35:30.076 [JavaFX Application Thread] DEBUG PrimaryStageWindow   - GameScene -> ErrorSubScene
14:35:31.929 [JavaFX Application Thread] DEBUG FXGLApplication      - Exiting FXGL
14:35:31.929 [JavaFX Application Thread] DEBUG Async                - Shutting down background threads
14:35:31.929 [JavaFX Application Thread] DEBUG PrimaryStageWindow   - Closing main window
14:35:31.939 [JavaFX Application Thread] DEBUG Logger               - Closing Logger
